  Assert.cpp
  mbed_flash_api.c
  mbed_gpio.c
  mbed_lp_ticker_api.c
  mbed_pinmap_common.c
  mbed_sleep_manager.c
  mbed_ticker_api.c
  mbed_us_ticker_api.c
  Assert.cpp(2):
  C:/Users/MonteaCristo/AppData/Local/VisualGDB/EmbeddedBSPs/arm-eabi/com.sysprogs.arm.mbed/features/unsupported/USBDevice/USBSerial/USBSerial.h: In member function 'void USBSerial::attach(void (*)())':
C:\Users\MonteaCristo\AppData\Local\VisualGDB\EmbeddedBSPs\arm-eabi\com.sysprogs.arm.mbed\features\unsupported\USBDevice\USBSerial\USBSerial.h(141,27): warning :  'void mbed::Callback<R()>::attach(R (*)()) [with R = void]' is deprecated: Replaced by simple assignment 'Callback cb = func [since mbed-os-5.4] [-Wdeprecated-declarations]
               rx.attach(fptr);
                             ^
  C:\Users\MonteaCristo\AppData\Local\VisualGDB\EmbeddedBSPs\arm-eabi\com.sysprogs.arm.mbed\platform\FileHandle.h(22):
  C:\Users\MonteaCristo\AppData\Local\VisualGDB\EmbeddedBSPs\arm-eabi\com.sysprogs.arm.mbed\platform\FileLike.h(21):
  C:\Users\MonteaCristo\AppData\Local\VisualGDB\EmbeddedBSPs\arm-eabi\com.sysprogs.arm.mbed\platform\Stream.h(20):
  C:\Users\MonteaCristo\AppData\Local\VisualGDB\EmbeddedBSPs\arm-eabi\com.sysprogs.arm.mbed\drivers\Serial.h(23):
  C:\Users\MonteaCristo\AppData\Local\VisualGDB\EmbeddedBSPs\arm-eabi\com.sysprogs.arm.mbed\mbed.h(81):
  Assert.cpp(1):
  C:\Users\MonteaCristo\AppData\Local\VisualGDB\EmbeddedBSPs\arm-eabi\com.sysprogs.arm.mbed\platform\Callback.h(271,10): note :  declared here
       void attach(R (*func)()) {
            ^~~~~~
  mbed_application.c
  mbed_assert.c
  mbed_board.c
  mbed_critical.c
  mbed_error.c
  mbed_interface.c
  mbed_mem_trace.c
  mbed_mktime.c
  mbed_sdk_boot.c
  mbed_semihost_api.c
  mbed_stats.c
  mbed_wait_api_no_rtos.c
  stubs.cpp
  ATCmdParser.cpp
  CallChain.cpp
  FileBase.cpp
  FileHandle.cpp
  FilePath.cpp
  FileSystemHandle.cpp
  LocalFileSystem.cpp
  mbed_alloc_wrappers.cpp
  mbed_poll.cpp
  mbed_retarget.cpp
  mbed_rtc_time.cpp
  mbed_wait_api_rtos.cpp
  Stream.cpp
  analogout_api.c
  can_api.c
  gpio_api.c
  gpio_irq_api.c
  hal_tick_16b.c
  hal_tick_32b.c
  i2c_api.c
  lp_ticker.c
  mbed_overrides.c
  pinmap.c
  port_api.c
  pwmout_api.c
  rtc_api.c
  serial_api.c
  sleep.c
  stm_spi_api.c
  trng_api.c
  us_ticker_16b.c
  us_ticker_32b.c
  analogin_api.c
  analogout_device.c
  flash_api.c
  gpio_irq_device.c
  pwmout_device.c
  serial_device.c
  spi_api.c
  hal_init_pre.c
  stm32f4xx_hal.c
  stm32f4xx_hal_adc.c
  stm32f4xx_hal_adc_ex.c
  stm32f4xx_hal_can.c
  stm32f4xx_hal_cec.c
  stm32f4xx_hal_cortex.c
  stm32f4xx_hal_crc.c
  stm32f4xx_hal_cryp.c
  stm32f4xx_hal_cryp_ex.c
  stm32f4xx_hal_dac.c
  stm32f4xx_hal_dac_ex.c
  stm32f4xx_hal_dcmi.c
  stm32f4xx_hal_dcmi_ex.c
  stm32f4xx_hal_dfsdm.c
  stm32f4xx_hal_dma.c
  stm32f4xx_hal_dma2d.c
  stm32f4xx_hal_dma_ex.c
  stm32f4xx_hal_dsi.c
  stm32f4xx_hal_eth.c
  stm32f4xx_hal_flash.c
  stm32f4xx_hal_flash_ex.c
  stm32f4xx_hal_flash_ramfunc.c
  stm32f4xx_hal_fmpi2c.c
  stm32f4xx_hal_fmpi2c_ex.c
  stm32f4xx_hal_gpio.c
  stm32f4xx_hal_hash.c
  stm32f4xx_hal_hash_ex.c
  stm32f4xx_hal_hcd.c
  stm32f4xx_hal_i2c.c
  stm32f4xx_hal_i2c_ex.c
  stm32f4xx_hal_i2s.c
  stm32f4xx_hal_i2s_ex.c
  stm32f4xx_hal_irda.c
  stm32f4xx_hal_iwdg.c
  stm32f4xx_hal_lptim.c
  stm32f4xx_hal_ltdc.c
  stm32f4xx_hal_ltdc_ex.c
  stm32f4xx_hal_mmc.c
  stm32f4xx_hal_msp_template.c
  stm32f4xx_hal_nand.c
  stm32f4xx_hal_nor.c
  stm32f4xx_hal_pccard.c
  stm32f4xx_hal_pcd.c
  stm32f4xx_hal_pcd_ex.c
  stm32f4xx_hal_pwr.c
  stm32f4xx_hal_pwr_ex.c
  stm32f4xx_hal_qspi.c
  stm32f4xx_hal_rcc.c
  stm32f4xx_hal_rcc_ex.c
  stm32f4xx_hal_rng.c
  stm32f4xx_hal_rtc.c
  stm32f4xx_hal_rtc_ex.c
  stm32f4xx_hal_sai.c
  stm32f4xx_hal_sai_ex.c
  stm32f4xx_hal_sd.c
  stm32f4xx_hal_sdram.c
  stm32f4xx_hal_smartcard.c
  stm32f4xx_hal_spdifrx.c
  stm32f4xx_hal_spi.c
  stm32f4xx_hal_sram.c
  stm32f4xx_hal_tim.c
  stm32f4xx_hal_tim_ex.c
  stm32f4xx_hal_uart.c
  stm32f4xx_hal_usart.c
  stm32f4xx_hal_wwdg.c
  stm32f4xx_ll_adc.c
  stm32f4xx_ll_crc.c
  stm32f4xx_ll_dac.c
  stm32f4xx_ll_dma.c
  stm32f4xx_ll_dma2d.c
  stm32f4xx_ll_exti.c
  stm32f4xx_ll_fmc.c
  stm32f4xx_ll_fsmc.c
  stm32f4xx_ll_gpio.c
  stm32f4xx_ll_i2c.c
  stm32f4xx_ll_lptim.c
  stm32f4xx_ll_pwr.c
  stm32f4xx_ll_rcc.c
  stm32f4xx_ll_rng.c
  stm32f4xx_ll_rtc.c
  stm32f4xx_ll_sdmmc.c
  stm32f4xx_ll_spi.c
  stm32f4xx_ll_tim.c
  stm32f4xx_ll_usart.c
  stm32f4xx_ll_usb.c
  stm32f4xx_ll_utils.c
  system_stm32f4xx.c
  PeripheralPins.c
  system_clock.c
  startup_stm32f407xx.S
  AnalogIn.cpp
  BusIn.cpp
  BusInOut.cpp
  BusOut.cpp
  CAN.cpp
  Ethernet.cpp
  FlashIAP.cpp
  I2C.cpp
  I2CSlave.cpp
  InterruptIn.cpp
  InterruptManager.cpp
  RawSerial.cpp
  Serial.cpp
  SerialBase.cpp
  SPI.cpp
  SPISlave.cpp
  Ticker.cpp
  Timeout.cpp
  Timer.cpp
  TimerEvent.cpp
  UARTSerial.cpp
  USBHAL_STM32.cpp
  USBHAL_STM32F4.cpp
  USBAudio.cpp
  USBDevice.cpp
  USBHID.cpp
  USBKeyboard.cpp
  USBMouse.cpp
  C:\Users\MonteaCristo\AppData\Local\VisualGDB\EmbeddedBSPs\arm-eabi\com.sysprogs.arm.mbed\targets\TARGET_STM\TARGET_STM32F4\device\stm32f4xx_hal_rcc.h(47):
  C:\Users\MonteaCristo\AppData\Local\VisualGDB\EmbeddedBSPs\arm-eabi\com.sysprogs.arm.mbed\targets\TARGET_STM\TARGET_STM32F4\device\stm32f4xx_hal_conf.h(253):
  C:\Users\MonteaCristo\AppData\Local\VisualGDB\EmbeddedBSPs\arm-eabi\com.sysprogs.arm.mbed\targets\TARGET_STM\TARGET_STM32F4\device\stm32f4xx_hal.h(48):
  C:\Users\MonteaCristo\AppData\Local\VisualGDB\EmbeddedBSPs\arm-eabi\com.sysprogs.arm.mbed\targets\TARGET_STM\TARGET_STM32F4\TARGET_STM32F407xG\device\stm32f4xx.h(249):
  C:\Users\MonteaCristo\AppData\Local\VisualGDB\EmbeddedBSPs\arm-eabi\com.sysprogs.arm.mbed\targets\TARGET_STM\TARGET_STM32F4\TARGET_STM32F407xG\device\cmsis.h(35):
  C:\Users\MonteaCristo\AppData\Local\VisualGDB\EmbeddedBSPs\arm-eabi\com.sysprogs.arm.mbed\targets\TARGET_STM\TARGET_STM32F4\TARGET_STM32F407xG\objects.h(33):
  C:\Users\MonteaCristo\AppData\Local\VisualGDB\EmbeddedBSPs\arm-eabi\com.sysprogs.arm.mbed\targets\TARGET_STM\TARGET_STM32F4\device.h(38):
  C:\Users\MonteaCristo\AppData\Local\VisualGDB\EmbeddedBSPs\arm-eabi\com.sysprogs.arm.mbed\platform\platform.h(29):
  C:\Users\MonteaCristo\AppData\Local\VisualGDB\EmbeddedBSPs\arm-eabi\com.sysprogs.arm.mbed\mbed.h(55):
  C:\Users\MonteaCristo\AppData\Local\VisualGDB\EmbeddedBSPs\arm-eabi\com.sysprogs.arm.mbed\features\unsupported\USBDevice\USBDevice\USBHAL.h(22):
  C:\Users\MonteaCristo\AppData\Local\VisualGDB\EmbeddedBSPs\arm-eabi\com.sysprogs.arm.mbed\features\unsupported\USBDevice\targets\TARGET_STM\USBHAL_STM32.cpp(30):
  C:/Users/MonteaCristo/AppData/Local/VisualGDB/EmbeddedBSPs/arm-eabi/com.sysprogs.arm.mbed/features/unsupported/USBDevice/targets/TARGET_STM/USBHAL_IP_OTGFSHS.h: In constructor 'USBHAL::USBHAL()':
C:\Users\MonteaCristo\AppData\Local\VisualGDB\EmbeddedBSPs\arm-eabi\com.sysprogs.arm.mbed\targets\TARGET_STM\TARGET_STM32F4\device\stm32f4xx_hal_rcc.h(407,48): warning :  conversion to void will not access object of type 'volatile uint32_t {aka volatile long unsigned int}'
                                           UNUSED(tmpreg); \
  C:\Users\MonteaCristo\AppData\Local\VisualGDB\EmbeddedBSPs\arm-eabi\com.sysprogs.arm.mbed\targets\TARGET_STM\TARGET_STM32F4\device\stm32f4xx_hal_def.h(86,27): note :  in definition of macro 'UNUSED'
   #define UNUSED(x) ((void)(x))
                             ^
  C:\Users\MonteaCristo\AppData\Local\VisualGDB\EmbeddedBSPs\arm-eabi\com.sysprogs.arm.mbed\features\unsupported\USBDevice\targets\TARGET_STM\USBHAL_IP_OTGFSHS.h(146,5): note :  in expansion of macro '__HAL_RCC_GPIOA_CLK_ENABLE'
       __HAL_RCC_GPIOA_CLK_ENABLE();
       ^~~~~~~~~~~~~~~~~~~~~~~~~~
C:\Users\MonteaCristo\AppData\Local\VisualGDB\EmbeddedBSPs\arm-eabi\com.sysprogs.arm.mbed\targets\TARGET_STM\TARGET_STM32F4\device\stm32f4xx_hal_rcc.h(620,48): warning :  conversion to void will not access object of type 'volatile uint32_t {aka volatile long unsigned int}'
                                           UNUSED(tmpreg); \
  C:\Users\MonteaCristo\AppData\Local\VisualGDB\EmbeddedBSPs\arm-eabi\com.sysprogs.arm.mbed\targets\TARGET_STM\TARGET_STM32F4\device\stm32f4xx_hal_def.h(86,27): note :  in definition of macro 'UNUSED'
   #define UNUSED(x) ((void)(x))
                             ^
  C:\Users\MonteaCristo\AppData\Local\VisualGDB\EmbeddedBSPs\arm-eabi\com.sysprogs.arm.mbed\targets\TARGET_STM\TARGET_STM32F4\device\stm32f4xx_hal_rcc_ex.h(2230,48): note :  in expansion of macro '__HAL_RCC_SYSCFG_CLK_ENABLE'
                                                  __HAL_RCC_SYSCFG_CLK_ENABLE();\
                                                  ^~~~~~~~~~~~~~~~~~~~~~~~~~~
  C:\Users\MonteaCristo\AppData\Local\VisualGDB\EmbeddedBSPs\arm-eabi\com.sysprogs.arm.mbed\features\unsupported\USBDevice\targets\TARGET_STM\USBHAL_IP_OTGFSHS.h(152,5): note :  in expansion of macro '__HAL_RCC_USB_OTG_FS_CLK_ENABLE'
       __HAL_RCC_USB_OTG_FS_CLK_ENABLE();
       ^~~~~~~~~~~~~~~~~~~~~~~~~~~~~~~
C:\Users\MonteaCristo\AppData\Local\VisualGDB\EmbeddedBSPs\arm-eabi\com.sysprogs.arm.mbed\targets\TARGET_STM\TARGET_STM32F4\device\stm32f4xx_hal_rcc.h(620,48): warning :  conversion to void will not access object of type 'volatile uint32_t {aka volatile long unsigned int}'
                                           UNUSED(tmpreg); \
  C:\Users\MonteaCristo\AppData\Local\VisualGDB\EmbeddedBSPs\arm-eabi\com.sysprogs.arm.mbed\targets\TARGET_STM\TARGET_STM32F4\device\stm32f4xx_hal_def.h(86,27): note :  in definition of macro 'UNUSED'
   #define UNUSED(x) ((void)(x))
                             ^
  C:\Users\MonteaCristo\AppData\Local\VisualGDB\EmbeddedBSPs\arm-eabi\com.sysprogs.arm.mbed\features\unsupported\USBDevice\targets\TARGET_STM\USBHAL_IP_OTGFSHS.h(195,5): note :  in expansion of macro '__HAL_RCC_SYSCFG_CLK_ENABLE'
       __HAL_RCC_SYSCFG_CLK_ENABLE();
       ^~~~~~~~~~~~~~~~~~~~~~~~~~~
  USBMouseKeyboard.cpp
  C:\Users\MonteaCristo\AppData\Local\VisualGDB\EmbeddedBSPs\arm-eabi\com.sysprogs.arm.mbed\features\unsupported\USBDevice\USBAudio\USBAudio.cpp(20):
  C:/Users/MonteaCristo/AppData/Local/VisualGDB/EmbeddedBSPs/arm-eabi/com.sysprogs.arm.mbed/features/unsupported/USBDevice/USBAudio/USBAudio.h: In member function 'void USBAudio::attach(void (*)())':
C:\Users\MonteaCristo\AppData\Local\VisualGDB\EmbeddedBSPs\arm-eabi\com.sysprogs.arm.mbed\features\unsupported\USBDevice\USBAudio\USBAudio.h(155,30): warning :  'void mbed::Callback<R()>::attach(R (*)()) [with R = void]' is deprecated: Replaced by simple assignment 'Callback cb = func [since mbed-os-5.4] [-Wdeprecated-declarations]
           updateVol.attach(fptr);
                                ^
  C:\Users\MonteaCristo\AppData\Local\VisualGDB\EmbeddedBSPs\arm-eabi\com.sysprogs.arm.mbed\platform\FileHandle.h(22):
  C:\Users\MonteaCristo\AppData\Local\VisualGDB\EmbeddedBSPs\arm-eabi\com.sysprogs.arm.mbed\platform\FileLike.h(21):
  C:\Users\MonteaCristo\AppData\Local\VisualGDB\EmbeddedBSPs\arm-eabi\com.sysprogs.arm.mbed\platform\Stream.h(20):
  C:\Users\MonteaCristo\AppData\Local\VisualGDB\EmbeddedBSPs\arm-eabi\com.sysprogs.arm.mbed\drivers\Serial.h(23):
  C:\Users\MonteaCristo\AppData\Local\VisualGDB\EmbeddedBSPs\arm-eabi\com.sysprogs.arm.mbed\mbed.h(81):
  C:\Users\MonteaCristo\AppData\Local\VisualGDB\EmbeddedBSPs\arm-eabi\com.sysprogs.arm.mbed\features\unsupported\USBDevice\USBDevice\USBDevice.h(22):
  C:\Users\MonteaCristo\AppData\Local\VisualGDB\EmbeddedBSPs\arm-eabi\com.sysprogs.arm.mbed\features\unsupported\USBDevice\USBAudio\USBAudio.h(27):
  C:\Users\MonteaCristo\AppData\Local\VisualGDB\EmbeddedBSPs\arm-eabi\com.sysprogs.arm.mbed\features\unsupported\USBDevice\USBAudio\USBAudio.cpp(20):
  C:\Users\MonteaCristo\AppData\Local\VisualGDB\EmbeddedBSPs\arm-eabi\com.sysprogs.arm.mbed\platform\Callback.h(271,10): note :  declared here
       void attach(R (*func)()) {
            ^~~~~~
  C:\Users\MonteaCristo\AppData\Local\VisualGDB\EmbeddedBSPs\arm-eabi\com.sysprogs.arm.mbed\features\unsupported\USBDevice\USBAudio\USBAudio.cpp(20):
  C:/Users/MonteaCristo/AppData/Local/VisualGDB/EmbeddedBSPs/arm-eabi/com.sysprogs.arm.mbed/features/unsupported/USBDevice/USBAudio/USBAudio.h: In member function 'void USBAudio::attachTx(void (*)())':
C:\Users\MonteaCristo\AppData\Local\VisualGDB\EmbeddedBSPs\arm-eabi\com.sysprogs.arm.mbed\features\unsupported\USBDevice\USBAudio\USBAudio.h(163,27): warning :  'void mbed::Callback<R()>::attach(R (*)()) [with R = void]' is deprecated: Replaced by simple assignment 'Callback cb = func [since mbed-os-5.4] [-Wdeprecated-declarations]
           txDone.attach(fptr);
                             ^
  C:\Users\MonteaCristo\AppData\Local\VisualGDB\EmbeddedBSPs\arm-eabi\com.sysprogs.arm.mbed\platform\FileHandle.h(22):
  C:\Users\MonteaCristo\AppData\Local\VisualGDB\EmbeddedBSPs\arm-eabi\com.sysprogs.arm.mbed\platform\FileLike.h(21):
  C:\Users\MonteaCristo\AppData\Local\VisualGDB\EmbeddedBSPs\arm-eabi\com.sysprogs.arm.mbed\platform\Stream.h(20):
  C:\Users\MonteaCristo\AppData\Local\VisualGDB\EmbeddedBSPs\arm-eabi\com.sysprogs.arm.mbed\drivers\Serial.h(23):
  C:\Users\MonteaCristo\AppData\Local\VisualGDB\EmbeddedBSPs\arm-eabi\com.sysprogs.arm.mbed\mbed.h(81):
  C:\Users\MonteaCristo\AppData\Local\VisualGDB\EmbeddedBSPs\arm-eabi\com.sysprogs.arm.mbed\features\unsupported\USBDevice\USBDevice\USBDevice.h(22):
  C:\Users\MonteaCristo\AppData\Local\VisualGDB\EmbeddedBSPs\arm-eabi\com.sysprogs.arm.mbed\features\unsupported\USBDevice\USBAudio\USBAudio.h(27):
  C:\Users\MonteaCristo\AppData\Local\VisualGDB\EmbeddedBSPs\arm-eabi\com.sysprogs.arm.mbed\features\unsupported\USBDevice\USBAudio\USBAudio.cpp(20):
  C:\Users\MonteaCristo\AppData\Local\VisualGDB\EmbeddedBSPs\arm-eabi\com.sysprogs.arm.mbed\platform\Callback.h(271,10): note :  declared here
       void attach(R (*func)()) {
            ^~~~~~
  C:\Users\MonteaCristo\AppData\Local\VisualGDB\EmbeddedBSPs\arm-eabi\com.sysprogs.arm.mbed\features\unsupported\USBDevice\USBAudio\USBAudio.cpp(20):
  C:/Users/MonteaCristo/AppData/Local/VisualGDB/EmbeddedBSPs/arm-eabi/com.sysprogs.arm.mbed/features/unsupported/USBDevice/USBAudio/USBAudio.h: In member function 'void USBAudio::attachRx(void (*)())':
C:\Users\MonteaCristo\AppData\Local\VisualGDB\EmbeddedBSPs\arm-eabi\com.sysprogs.arm.mbed\features\unsupported\USBDevice\USBAudio\USBAudio.h(171,27): warning :  'void mbed::Callback<R()>::attach(R (*)()) [with R = void]' is deprecated: Replaced by simple assignment 'Callback cb = func [since mbed-os-5.4] [-Wdeprecated-declarations]
           rxDone.attach(fptr);
                             ^
  C:\Users\MonteaCristo\AppData\Local\VisualGDB\EmbeddedBSPs\arm-eabi\com.sysprogs.arm.mbed\platform\FileHandle.h(22):
  C:\Users\MonteaCristo\AppData\Local\VisualGDB\EmbeddedBSPs\arm-eabi\com.sysprogs.arm.mbed\platform\FileLike.h(21):
  C:\Users\MonteaCristo\AppData\Local\VisualGDB\EmbeddedBSPs\arm-eabi\com.sysprogs.arm.mbed\platform\Stream.h(20):
  C:\Users\MonteaCristo\AppData\Local\VisualGDB\EmbeddedBSPs\arm-eabi\com.sysprogs.arm.mbed\drivers\Serial.h(23):
  C:\Users\MonteaCristo\AppData\Local\VisualGDB\EmbeddedBSPs\arm-eabi\com.sysprogs.arm.mbed\mbed.h(81):
  C:\Users\MonteaCristo\AppData\Local\VisualGDB\EmbeddedBSPs\arm-eabi\com.sysprogs.arm.mbed\features\unsupported\USBDevice\USBDevice\USBDevice.h(22):
  C:\Users\MonteaCristo\AppData\Local\VisualGDB\EmbeddedBSPs\arm-eabi\com.sysprogs.arm.mbed\features\unsupported\USBDevice\USBAudio\USBAudio.h(27):
  C:\Users\MonteaCristo\AppData\Local\VisualGDB\EmbeddedBSPs\arm-eabi\com.sysprogs.arm.mbed\features\unsupported\USBDevice\USBAudio\USBAudio.cpp(20):
  C:\Users\MonteaCristo\AppData\Local\VisualGDB\EmbeddedBSPs\arm-eabi\com.sysprogs.arm.mbed\platform\Callback.h(271,10): note :  declared here
       void attach(R (*func)()) {
            ^~~~~~
  USBMIDI.cpp
  USBMSD.cpp
  USBCDC.cpp
  USBSerial.cpp
  C:\Users\MonteaCristo\AppData\Local\VisualGDB\EmbeddedBSPs\arm-eabi\com.sysprogs.arm.mbed\features\unsupported\USBDevice\USBSerial\USBSerial.cpp(20):
  C:/Users/MonteaCristo/AppData/Local/VisualGDB/EmbeddedBSPs/arm-eabi/com.sysprogs.arm.mbed/features/unsupported/USBDevice/USBSerial/USBSerial.h: In member function 'void USBSerial::attach(void (*)())':
C:\Users\MonteaCristo\AppData\Local\VisualGDB\EmbeddedBSPs\arm-eabi\com.sysprogs.arm.mbed\features\unsupported\USBDevice\USBSerial\USBSerial.h(141,27): warning :  'void mbed::Callback<R()>::attach(R (*)()) [with R = void]' is deprecated: Replaced by simple assignment 'Callback cb = func [since mbed-os-5.4] [-Wdeprecated-declarations]
               rx.attach(fptr);
                             ^
  C:\Users\MonteaCristo\AppData\Local\VisualGDB\EmbeddedBSPs\arm-eabi\com.sysprogs.arm.mbed\platform\FileHandle.h(22):
  C:\Users\MonteaCristo\AppData\Local\VisualGDB\EmbeddedBSPs\arm-eabi\com.sysprogs.arm.mbed\platform\FileLike.h(21):
  C:\Users\MonteaCristo\AppData\Local\VisualGDB\EmbeddedBSPs\arm-eabi\com.sysprogs.arm.mbed\platform\Stream.h(20):
  C:\Users\MonteaCristo\AppData\Local\VisualGDB\EmbeddedBSPs\arm-eabi\com.sysprogs.arm.mbed\drivers\Serial.h(23):
  C:\Users\MonteaCristo\AppData\Local\VisualGDB\EmbeddedBSPs\arm-eabi\com.sysprogs.arm.mbed\mbed.h(81):
  C:\Users\MonteaCristo\AppData\Local\VisualGDB\EmbeddedBSPs\arm-eabi\com.sysprogs.arm.mbed\features\unsupported\USBDevice\USBDevice\USBDevice.h(22):
  C:\Users\MonteaCristo\AppData\Local\VisualGDB\EmbeddedBSPs\arm-eabi\com.sysprogs.arm.mbed\features\unsupported\USBDevice\USBSerial\USBCDC.h(27):
  C:\Users\MonteaCristo\AppData\Local\VisualGDB\EmbeddedBSPs\arm-eabi\com.sysprogs.arm.mbed\features\unsupported\USBDevice\USBSerial\USBSerial.h(22):
  C:\Users\MonteaCristo\AppData\Local\VisualGDB\EmbeddedBSPs\arm-eabi\com.sysprogs.arm.mbed\features\unsupported\USBDevice\USBSerial\USBSerial.cpp(20):
  C:\Users\MonteaCristo\AppData\Local\VisualGDB\EmbeddedBSPs\arm-eabi\com.sysprogs.arm.mbed\platform\Callback.h(271,10): note :  declared here
       void attach(R (*func)()) {
            ^~~~~~
  Linking ../VisualGDB/Release/EmbeddedProject1...
  ------------------- Memory utilization report -------------------
  Used FLASH: 42KB out of 1024KB (4%)
  Used CCM: 0 bytes out of 64KB (0%)
  Used RAM: 4028 bytes out of 127KB (3%)
