c:\users\monteacristo\source\repos\stm_tec_driver\visualgdb\debug\embeddedproject1
c:\users\monteacristo\source\repos\stm_tec_driver\visualgdb\debug\embeddedproject1.link.rsp
c:\users\monteacristo\source\repos\stm_tec_driver\visualgdb\debug\embeddedproject1.mkbin.rsp
c:\users\monteacristo\source\repos\stm_tec_driver\visualgdb\debug\embeddedproject1.bin
c:\users\monteacristo\source\repos\stm_tec_driver\embeddedproject1\visualgdb\debug\analogin.o
c:\users\monteacristo\source\repos\stm_tec_driver\embeddedproject1\visualgdb\debug\analogin_api.o
c:\users\monteacristo\source\repos\stm_tec_driver\embeddedproject1\visualgdb\debug\analogout_api.o
c:\users\monteacristo\source\repos\stm_tec_driver\embeddedproject1\visualgdb\debug\analogout_device.o
c:\users\monteacristo\source\repos\stm_tec_driver\embeddedproject1\visualgdb\debug\assert.o
c:\users\monteacristo\source\repos\stm_tec_driver\embeddedproject1\visualgdb\debug\atcmdparser.o
c:\users\monteacristo\source\repos\stm_tec_driver\embeddedproject1\visualgdb\debug\busin.o
c:\users\monteacristo\source\repos\stm_tec_driver\embeddedproject1\visualgdb\debug\businout.o
c:\users\monteacristo\source\repos\stm_tec_driver\embeddedproject1\visualgdb\debug\busout.o
c:\users\monteacristo\source\repos\stm_tec_driver\embeddedproject1\visualgdb\debug\callchain.o
c:\users\monteacristo\source\repos\stm_tec_driver\embeddedproject1\visualgdb\debug\can.o
c:\users\monteacristo\source\repos\stm_tec_driver\embeddedproject1\visualgdb\debug\can_api.o
c:\users\monteacristo\source\repos\stm_tec_driver\embeddedproject1\visualgdb\debug\ethernet.o
c:\users\monteacristo\source\repos\stm_tec_driver\embeddedproject1\visualgdb\debug\filebase.o
c:\users\monteacristo\source\repos\stm_tec_driver\embeddedproject1\visualgdb\debug\filehandle.o
c:\users\monteacristo\source\repos\stm_tec_driver\embeddedproject1\visualgdb\debug\filepath.o
c:\users\monteacristo\source\repos\stm_tec_driver\embeddedproject1\visualgdb\debug\filesystemhandle.o
c:\users\monteacristo\source\repos\stm_tec_driver\embeddedproject1\visualgdb\debug\flashiap.o
c:\users\monteacristo\source\repos\stm_tec_driver\embeddedproject1\visualgdb\debug\flash_api.o
c:\users\monteacristo\source\repos\stm_tec_driver\embeddedproject1\visualgdb\debug\gpio_api.o
c:\users\monteacristo\source\repos\stm_tec_driver\embeddedproject1\visualgdb\debug\gpio_irq_api.o
c:\users\monteacristo\source\repos\stm_tec_driver\embeddedproject1\visualgdb\debug\gpio_irq_device.o
c:\users\monteacristo\source\repos\stm_tec_driver\embeddedproject1\visualgdb\debug\hal_init_pre.o
c:\users\monteacristo\source\repos\stm_tec_driver\embeddedproject1\visualgdb\debug\hal_tick_16b.o
c:\users\monteacristo\source\repos\stm_tec_driver\embeddedproject1\visualgdb\debug\hal_tick_32b.o
c:\users\monteacristo\source\repos\stm_tec_driver\embeddedproject1\visualgdb\debug\i2c.o
c:\users\monteacristo\source\repos\stm_tec_driver\embeddedproject1\visualgdb\debug\i2cslave.o
c:\users\monteacristo\source\repos\stm_tec_driver\embeddedproject1\visualgdb\debug\i2c_api.o
c:\users\monteacristo\source\repos\stm_tec_driver\embeddedproject1\visualgdb\debug\interruptin.o
c:\users\monteacristo\source\repos\stm_tec_driver\embeddedproject1\visualgdb\debug\interruptmanager.o
c:\users\monteacristo\source\repos\stm_tec_driver\embeddedproject1\visualgdb\debug\ledblink.o
c:\users\monteacristo\source\repos\stm_tec_driver\embeddedproject1\visualgdb\debug\localfilesystem.o
c:\users\monteacristo\source\repos\stm_tec_driver\embeddedproject1\visualgdb\debug\lp_ticker.o
c:\users\monteacristo\source\repos\stm_tec_driver\embeddedproject1\visualgdb\debug\mbed_alloc_wrappers.o
c:\users\monteacristo\source\repos\stm_tec_driver\embeddedproject1\visualgdb\debug\mbed_application.o
c:\users\monteacristo\source\repos\stm_tec_driver\embeddedproject1\visualgdb\debug\mbed_assert.o
c:\users\monteacristo\source\repos\stm_tec_driver\embeddedproject1\visualgdb\debug\mbed_board.o
c:\users\monteacristo\source\repos\stm_tec_driver\embeddedproject1\visualgdb\debug\mbed_critical.o
c:\users\monteacristo\source\repos\stm_tec_driver\embeddedproject1\visualgdb\debug\mbed_error.o
c:\users\monteacristo\source\repos\stm_tec_driver\embeddedproject1\visualgdb\debug\mbed_flash_api.o
c:\users\monteacristo\source\repos\stm_tec_driver\embeddedproject1\visualgdb\debug\mbed_gpio.o
c:\users\monteacristo\source\repos\stm_tec_driver\embeddedproject1\visualgdb\debug\mbed_interface.o
c:\users\monteacristo\source\repos\stm_tec_driver\embeddedproject1\visualgdb\debug\mbed_lp_ticker_api.o
c:\users\monteacristo\source\repos\stm_tec_driver\embeddedproject1\visualgdb\debug\mbed_mem_trace.o
c:\users\monteacristo\source\repos\stm_tec_driver\embeddedproject1\visualgdb\debug\mbed_mktime.o
c:\users\monteacristo\source\repos\stm_tec_driver\embeddedproject1\visualgdb\debug\mbed_overrides.o
c:\users\monteacristo\source\repos\stm_tec_driver\embeddedproject1\visualgdb\debug\mbed_pinmap_common.o
c:\users\monteacristo\source\repos\stm_tec_driver\embeddedproject1\visualgdb\debug\mbed_poll.o
c:\users\monteacristo\source\repos\stm_tec_driver\embeddedproject1\visualgdb\debug\mbed_retarget.o
c:\users\monteacristo\source\repos\stm_tec_driver\embeddedproject1\visualgdb\debug\mbed_rtc_time.o
c:\users\monteacristo\source\repos\stm_tec_driver\embeddedproject1\visualgdb\debug\mbed_sdk_boot.o
c:\users\monteacristo\source\repos\stm_tec_driver\embeddedproject1\visualgdb\debug\mbed_semihost_api.o
c:\users\monteacristo\source\repos\stm_tec_driver\embeddedproject1\visualgdb\debug\mbed_sleep_manager.o
c:\users\monteacristo\source\repos\stm_tec_driver\embeddedproject1\visualgdb\debug\mbed_stats.o
c:\users\monteacristo\source\repos\stm_tec_driver\embeddedproject1\visualgdb\debug\mbed_ticker_api.o
c:\users\monteacristo\source\repos\stm_tec_driver\embeddedproject1\visualgdb\debug\mbed_us_ticker_api.o
c:\users\monteacristo\source\repos\stm_tec_driver\embeddedproject1\visualgdb\debug\mbed_wait_api_no_rtos.o
c:\users\monteacristo\source\repos\stm_tec_driver\embeddedproject1\visualgdb\debug\mbed_wait_api_rtos.o
c:\users\monteacristo\source\repos\stm_tec_driver\embeddedproject1\visualgdb\debug\peripheralpins.o
c:\users\monteacristo\source\repos\stm_tec_driver\embeddedproject1\visualgdb\debug\pinmap.o
c:\users\monteacristo\source\repos\stm_tec_driver\embeddedproject1\visualgdb\debug\port_api.o
c:\users\monteacristo\source\repos\stm_tec_driver\embeddedproject1\visualgdb\debug\pwmout_api.o
c:\users\monteacristo\source\repos\stm_tec_driver\embeddedproject1\visualgdb\debug\pwmout_device.o
c:\users\monteacristo\source\repos\stm_tec_driver\embeddedproject1\visualgdb\debug\rawserial.o
c:\users\monteacristo\source\repos\stm_tec_driver\embeddedproject1\visualgdb\debug\rtc_api.o
c:\users\monteacristo\source\repos\stm_tec_driver\embeddedproject1\visualgdb\debug\serial.o
c:\users\monteacristo\source\repos\stm_tec_driver\embeddedproject1\visualgdb\debug\serialbase.o
c:\users\monteacristo\source\repos\stm_tec_driver\embeddedproject1\visualgdb\debug\serial_api.o
c:\users\monteacristo\source\repos\stm_tec_driver\embeddedproject1\visualgdb\debug\serial_device.o
c:\users\monteacristo\source\repos\stm_tec_driver\embeddedproject1\visualgdb\debug\sleep.o
c:\users\monteacristo\source\repos\stm_tec_driver\embeddedproject1\visualgdb\debug\spi.o
c:\users\monteacristo\source\repos\stm_tec_driver\embeddedproject1\visualgdb\debug\spislave.o
c:\users\monteacristo\source\repos\stm_tec_driver\embeddedproject1\visualgdb\debug\spi_api.o
c:\users\monteacristo\source\repos\stm_tec_driver\embeddedproject1\visualgdb\debug\startup_stm32f407xx.o
c:\users\monteacristo\source\repos\stm_tec_driver\embeddedproject1\visualgdb\debug\stm32f4xx_hal.o
c:\users\monteacristo\source\repos\stm_tec_driver\embeddedproject1\visualgdb\debug\stm32f4xx_hal_adc.o
c:\users\monteacristo\source\repos\stm_tec_driver\embeddedproject1\visualgdb\debug\stm32f4xx_hal_adc_ex.o
c:\users\monteacristo\source\repos\stm_tec_driver\embeddedproject1\visualgdb\debug\stm32f4xx_hal_can.o
c:\users\monteacristo\source\repos\stm_tec_driver\embeddedproject1\visualgdb\debug\stm32f4xx_hal_cec.o
c:\users\monteacristo\source\repos\stm_tec_driver\embeddedproject1\visualgdb\debug\stm32f4xx_hal_cortex.o
c:\users\monteacristo\source\repos\stm_tec_driver\embeddedproject1\visualgdb\debug\stm32f4xx_hal_crc.o
c:\users\monteacristo\source\repos\stm_tec_driver\embeddedproject1\visualgdb\debug\stm32f4xx_hal_cryp.o
c:\users\monteacristo\source\repos\stm_tec_driver\embeddedproject1\visualgdb\debug\stm32f4xx_hal_cryp_ex.o
c:\users\monteacristo\source\repos\stm_tec_driver\embeddedproject1\visualgdb\debug\stm32f4xx_hal_dac.o
c:\users\monteacristo\source\repos\stm_tec_driver\embeddedproject1\visualgdb\debug\stm32f4xx_hal_dac_ex.o
c:\users\monteacristo\source\repos\stm_tec_driver\embeddedproject1\visualgdb\debug\stm32f4xx_hal_dcmi.o
c:\users\monteacristo\source\repos\stm_tec_driver\embeddedproject1\visualgdb\debug\stm32f4xx_hal_dcmi_ex.o
c:\users\monteacristo\source\repos\stm_tec_driver\embeddedproject1\visualgdb\debug\stm32f4xx_hal_dfsdm.o
c:\users\monteacristo\source\repos\stm_tec_driver\embeddedproject1\visualgdb\debug\stm32f4xx_hal_dma.o
c:\users\monteacristo\source\repos\stm_tec_driver\embeddedproject1\visualgdb\debug\stm32f4xx_hal_dma2d.o
c:\users\monteacristo\source\repos\stm_tec_driver\embeddedproject1\visualgdb\debug\stm32f4xx_hal_dma_ex.o
c:\users\monteacristo\source\repos\stm_tec_driver\embeddedproject1\visualgdb\debug\stm32f4xx_hal_dsi.o
c:\users\monteacristo\source\repos\stm_tec_driver\embeddedproject1\visualgdb\debug\stm32f4xx_hal_eth.o
c:\users\monteacristo\source\repos\stm_tec_driver\embeddedproject1\visualgdb\debug\stm32f4xx_hal_flash.o
c:\users\monteacristo\source\repos\stm_tec_driver\embeddedproject1\visualgdb\debug\stm32f4xx_hal_flash_ex.o
c:\users\monteacristo\source\repos\stm_tec_driver\embeddedproject1\visualgdb\debug\stm32f4xx_hal_flash_ramfunc.o
c:\users\monteacristo\source\repos\stm_tec_driver\embeddedproject1\visualgdb\debug\stm32f4xx_hal_fmpi2c.o
c:\users\monteacristo\source\repos\stm_tec_driver\embeddedproject1\visualgdb\debug\stm32f4xx_hal_fmpi2c_ex.o
c:\users\monteacristo\source\repos\stm_tec_driver\embeddedproject1\visualgdb\debug\stm32f4xx_hal_gpio.o
c:\users\monteacristo\source\repos\stm_tec_driver\embeddedproject1\visualgdb\debug\stm32f4xx_hal_hash.o
c:\users\monteacristo\source\repos\stm_tec_driver\embeddedproject1\visualgdb\debug\stm32f4xx_hal_hash_ex.o
c:\users\monteacristo\source\repos\stm_tec_driver\embeddedproject1\visualgdb\debug\stm32f4xx_hal_hcd.o
c:\users\monteacristo\source\repos\stm_tec_driver\embeddedproject1\visualgdb\debug\stm32f4xx_hal_i2c.o
c:\users\monteacristo\source\repos\stm_tec_driver\embeddedproject1\visualgdb\debug\stm32f4xx_hal_i2c_ex.o
c:\users\monteacristo\source\repos\stm_tec_driver\embeddedproject1\visualgdb\debug\stm32f4xx_hal_i2s.o
c:\users\monteacristo\source\repos\stm_tec_driver\embeddedproject1\visualgdb\debug\stm32f4xx_hal_i2s_ex.o
c:\users\monteacristo\source\repos\stm_tec_driver\embeddedproject1\visualgdb\debug\stm32f4xx_hal_irda.o
c:\users\monteacristo\source\repos\stm_tec_driver\embeddedproject1\visualgdb\debug\stm32f4xx_hal_iwdg.o
c:\users\monteacristo\source\repos\stm_tec_driver\embeddedproject1\visualgdb\debug\stm32f4xx_hal_lptim.o
c:\users\monteacristo\source\repos\stm_tec_driver\embeddedproject1\visualgdb\debug\stm32f4xx_hal_ltdc.o
c:\users\monteacristo\source\repos\stm_tec_driver\embeddedproject1\visualgdb\debug\stm32f4xx_hal_ltdc_ex.o
c:\users\monteacristo\source\repos\stm_tec_driver\embeddedproject1\visualgdb\debug\stm32f4xx_hal_mmc.o
c:\users\monteacristo\source\repos\stm_tec_driver\embeddedproject1\visualgdb\debug\stm32f4xx_hal_msp_template.o
c:\users\monteacristo\source\repos\stm_tec_driver\embeddedproject1\visualgdb\debug\stm32f4xx_hal_nand.o
c:\users\monteacristo\source\repos\stm_tec_driver\embeddedproject1\visualgdb\debug\stm32f4xx_hal_nor.o
c:\users\monteacristo\source\repos\stm_tec_driver\embeddedproject1\visualgdb\debug\stm32f4xx_hal_pccard.o
c:\users\monteacristo\source\repos\stm_tec_driver\embeddedproject1\visualgdb\debug\stm32f4xx_hal_pcd.o
c:\users\monteacristo\source\repos\stm_tec_driver\embeddedproject1\visualgdb\debug\stm32f4xx_hal_pcd_ex.o
c:\users\monteacristo\source\repos\stm_tec_driver\embeddedproject1\visualgdb\debug\stm32f4xx_hal_pwr.o
c:\users\monteacristo\source\repos\stm_tec_driver\embeddedproject1\visualgdb\debug\stm32f4xx_hal_pwr_ex.o
c:\users\monteacristo\source\repos\stm_tec_driver\embeddedproject1\visualgdb\debug\stm32f4xx_hal_qspi.o
c:\users\monteacristo\source\repos\stm_tec_driver\embeddedproject1\visualgdb\debug\stm32f4xx_hal_rcc.o
c:\users\monteacristo\source\repos\stm_tec_driver\embeddedproject1\visualgdb\debug\stm32f4xx_hal_rcc_ex.o
c:\users\monteacristo\source\repos\stm_tec_driver\embeddedproject1\visualgdb\debug\stm32f4xx_hal_rng.o
c:\users\monteacristo\source\repos\stm_tec_driver\embeddedproject1\visualgdb\debug\stm32f4xx_hal_rtc.o
c:\users\monteacristo\source\repos\stm_tec_driver\embeddedproject1\visualgdb\debug\stm32f4xx_hal_rtc_ex.o
c:\users\monteacristo\source\repos\stm_tec_driver\embeddedproject1\visualgdb\debug\stm32f4xx_hal_sai.o
c:\users\monteacristo\source\repos\stm_tec_driver\embeddedproject1\visualgdb\debug\stm32f4xx_hal_sai_ex.o
c:\users\monteacristo\source\repos\stm_tec_driver\embeddedproject1\visualgdb\debug\stm32f4xx_hal_sd.o
c:\users\monteacristo\source\repos\stm_tec_driver\embeddedproject1\visualgdb\debug\stm32f4xx_hal_sdram.o
c:\users\monteacristo\source\repos\stm_tec_driver\embeddedproject1\visualgdb\debug\stm32f4xx_hal_smartcard.o
c:\users\monteacristo\source\repos\stm_tec_driver\embeddedproject1\visualgdb\debug\stm32f4xx_hal_spdifrx.o
c:\users\monteacristo\source\repos\stm_tec_driver\embeddedproject1\visualgdb\debug\stm32f4xx_hal_spi.o
c:\users\monteacristo\source\repos\stm_tec_driver\embeddedproject1\visualgdb\debug\stm32f4xx_hal_sram.o
c:\users\monteacristo\source\repos\stm_tec_driver\embeddedproject1\visualgdb\debug\stm32f4xx_hal_tim.o
c:\users\monteacristo\source\repos\stm_tec_driver\embeddedproject1\visualgdb\debug\stm32f4xx_hal_tim_ex.o
c:\users\monteacristo\source\repos\stm_tec_driver\embeddedproject1\visualgdb\debug\stm32f4xx_hal_uart.o
c:\users\monteacristo\source\repos\stm_tec_driver\embeddedproject1\visualgdb\debug\stm32f4xx_hal_usart.o
c:\users\monteacristo\source\repos\stm_tec_driver\embeddedproject1\visualgdb\debug\stm32f4xx_hal_wwdg.o
c:\users\monteacristo\source\repos\stm_tec_driver\embeddedproject1\visualgdb\debug\stm32f4xx_ll_adc.o
c:\users\monteacristo\source\repos\stm_tec_driver\embeddedproject1\visualgdb\debug\stm32f4xx_ll_crc.o
c:\users\monteacristo\source\repos\stm_tec_driver\embeddedproject1\visualgdb\debug\stm32f4xx_ll_dac.o
c:\users\monteacristo\source\repos\stm_tec_driver\embeddedproject1\visualgdb\debug\stm32f4xx_ll_dma.o
c:\users\monteacristo\source\repos\stm_tec_driver\embeddedproject1\visualgdb\debug\stm32f4xx_ll_dma2d.o
c:\users\monteacristo\source\repos\stm_tec_driver\embeddedproject1\visualgdb\debug\stm32f4xx_ll_exti.o
c:\users\monteacristo\source\repos\stm_tec_driver\embeddedproject1\visualgdb\debug\stm32f4xx_ll_fmc.o
c:\users\monteacristo\source\repos\stm_tec_driver\embeddedproject1\visualgdb\debug\stm32f4xx_ll_fsmc.o
c:\users\monteacristo\source\repos\stm_tec_driver\embeddedproject1\visualgdb\debug\stm32f4xx_ll_gpio.o
c:\users\monteacristo\source\repos\stm_tec_driver\embeddedproject1\visualgdb\debug\stm32f4xx_ll_i2c.o
c:\users\monteacristo\source\repos\stm_tec_driver\embeddedproject1\visualgdb\debug\stm32f4xx_ll_lptim.o
c:\users\monteacristo\source\repos\stm_tec_driver\embeddedproject1\visualgdb\debug\stm32f4xx_ll_pwr.o
c:\users\monteacristo\source\repos\stm_tec_driver\embeddedproject1\visualgdb\debug\stm32f4xx_ll_rcc.o
c:\users\monteacristo\source\repos\stm_tec_driver\embeddedproject1\visualgdb\debug\stm32f4xx_ll_rng.o
c:\users\monteacristo\source\repos\stm_tec_driver\embeddedproject1\visualgdb\debug\stm32f4xx_ll_rtc.o
c:\users\monteacristo\source\repos\stm_tec_driver\embeddedproject1\visualgdb\debug\stm32f4xx_ll_sdmmc.o
c:\users\monteacristo\source\repos\stm_tec_driver\embeddedproject1\visualgdb\debug\stm32f4xx_ll_spi.o
c:\users\monteacristo\source\repos\stm_tec_driver\embeddedproject1\visualgdb\debug\stm32f4xx_ll_tim.o
c:\users\monteacristo\source\repos\stm_tec_driver\embeddedproject1\visualgdb\debug\stm32f4xx_ll_usart.o
c:\users\monteacristo\source\repos\stm_tec_driver\embeddedproject1\visualgdb\debug\stm32f4xx_ll_usb.o
c:\users\monteacristo\source\repos\stm_tec_driver\embeddedproject1\visualgdb\debug\stm32f4xx_ll_utils.o
c:\users\monteacristo\source\repos\stm_tec_driver\embeddedproject1\visualgdb\debug\stm_spi_api.o
c:\users\monteacristo\source\repos\stm_tec_driver\embeddedproject1\visualgdb\debug\stream.o
c:\users\monteacristo\source\repos\stm_tec_driver\embeddedproject1\visualgdb\debug\stubs.o
c:\users\monteacristo\source\repos\stm_tec_driver\embeddedproject1\visualgdb\debug\system_clock.o
c:\users\monteacristo\source\repos\stm_tec_driver\embeddedproject1\visualgdb\debug\system_stm32f4xx.o
c:\users\monteacristo\source\repos\stm_tec_driver\embeddedproject1\visualgdb\debug\ticker.o
c:\users\monteacristo\source\repos\stm_tec_driver\embeddedproject1\visualgdb\debug\timeout.o
c:\users\monteacristo\source\repos\stm_tec_driver\embeddedproject1\visualgdb\debug\timer.o
c:\users\monteacristo\source\repos\stm_tec_driver\embeddedproject1\visualgdb\debug\timerevent.o
c:\users\monteacristo\source\repos\stm_tec_driver\embeddedproject1\visualgdb\debug\trng_api.o
c:\users\monteacristo\source\repos\stm_tec_driver\embeddedproject1\visualgdb\debug\uartserial.o
c:\users\monteacristo\source\repos\stm_tec_driver\embeddedproject1\visualgdb\debug\usbaudio.o
c:\users\monteacristo\source\repos\stm_tec_driver\embeddedproject1\visualgdb\debug\usbcdc.o
c:\users\monteacristo\source\repos\stm_tec_driver\embeddedproject1\visualgdb\debug\usbdevice.o
c:\users\monteacristo\source\repos\stm_tec_driver\embeddedproject1\visualgdb\debug\usbhal_stm32.o
c:\users\monteacristo\source\repos\stm_tec_driver\embeddedproject1\visualgdb\debug\usbhal_stm32f4.o
c:\users\monteacristo\source\repos\stm_tec_driver\embeddedproject1\visualgdb\debug\usbhid.o
c:\users\monteacristo\source\repos\stm_tec_driver\embeddedproject1\visualgdb\debug\usbkeyboard.o
c:\users\monteacristo\source\repos\stm_tec_driver\embeddedproject1\visualgdb\debug\usbmidi.o
c:\users\monteacristo\source\repos\stm_tec_driver\embeddedproject1\visualgdb\debug\usbmouse.o
c:\users\monteacristo\source\repos\stm_tec_driver\embeddedproject1\visualgdb\debug\usbmousekeyboard.o
c:\users\monteacristo\source\repos\stm_tec_driver\embeddedproject1\visualgdb\debug\usbmsd.o
c:\users\monteacristo\source\repos\stm_tec_driver\embeddedproject1\visualgdb\debug\usbserial.o
c:\users\monteacristo\source\repos\stm_tec_driver\embeddedproject1\visualgdb\debug\us_ticker_16b.o
c:\users\monteacristo\source\repos\stm_tec_driver\embeddedproject1\visualgdb\debug\us_ticker_32b.o
c:\users\monteacristo\source\repos\stm_tec_driver\embeddedproject1\visualgdb\debug\analogin.dep
c:\users\monteacristo\source\repos\stm_tec_driver\embeddedproject1\visualgdb\debug\analogin_api.dep
c:\users\monteacristo\source\repos\stm_tec_driver\embeddedproject1\visualgdb\debug\analogout_api.dep
c:\users\monteacristo\source\repos\stm_tec_driver\embeddedproject1\visualgdb\debug\analogout_device.dep
c:\users\monteacristo\source\repos\stm_tec_driver\embeddedproject1\visualgdb\debug\assert.dep
c:\users\monteacristo\source\repos\stm_tec_driver\embeddedproject1\visualgdb\debug\atcmdparser.dep
c:\users\monteacristo\source\repos\stm_tec_driver\embeddedproject1\visualgdb\debug\busin.dep
c:\users\monteacristo\source\repos\stm_tec_driver\embeddedproject1\visualgdb\debug\businout.dep
c:\users\monteacristo\source\repos\stm_tec_driver\embeddedproject1\visualgdb\debug\busout.dep
c:\users\monteacristo\source\repos\stm_tec_driver\embeddedproject1\visualgdb\debug\callchain.dep
c:\users\monteacristo\source\repos\stm_tec_driver\embeddedproject1\visualgdb\debug\can.dep
c:\users\monteacristo\source\repos\stm_tec_driver\embeddedproject1\visualgdb\debug\can_api.dep
c:\users\monteacristo\source\repos\stm_tec_driver\embeddedproject1\visualgdb\debug\ethernet.dep
c:\users\monteacristo\source\repos\stm_tec_driver\embeddedproject1\visualgdb\debug\filebase.dep
c:\users\monteacristo\source\repos\stm_tec_driver\embeddedproject1\visualgdb\debug\filehandle.dep
c:\users\monteacristo\source\repos\stm_tec_driver\embeddedproject1\visualgdb\debug\filepath.dep
c:\users\monteacristo\source\repos\stm_tec_driver\embeddedproject1\visualgdb\debug\filesystemhandle.dep
c:\users\monteacristo\source\repos\stm_tec_driver\embeddedproject1\visualgdb\debug\flashiap.dep
c:\users\monteacristo\source\repos\stm_tec_driver\embeddedproject1\visualgdb\debug\flash_api.dep
c:\users\monteacristo\source\repos\stm_tec_driver\embeddedproject1\visualgdb\debug\gpio_api.dep
c:\users\monteacristo\source\repos\stm_tec_driver\embeddedproject1\visualgdb\debug\gpio_irq_api.dep
c:\users\monteacristo\source\repos\stm_tec_driver\embeddedproject1\visualgdb\debug\gpio_irq_device.dep
c:\users\monteacristo\source\repos\stm_tec_driver\embeddedproject1\visualgdb\debug\hal_init_pre.dep
c:\users\monteacristo\source\repos\stm_tec_driver\embeddedproject1\visualgdb\debug\hal_tick_16b.dep
c:\users\monteacristo\source\repos\stm_tec_driver\embeddedproject1\visualgdb\debug\hal_tick_32b.dep
c:\users\monteacristo\source\repos\stm_tec_driver\embeddedproject1\visualgdb\debug\i2c.dep
c:\users\monteacristo\source\repos\stm_tec_driver\embeddedproject1\visualgdb\debug\i2cslave.dep
c:\users\monteacristo\source\repos\stm_tec_driver\embeddedproject1\visualgdb\debug\i2c_api.dep
c:\users\monteacristo\source\repos\stm_tec_driver\embeddedproject1\visualgdb\debug\interruptin.dep
c:\users\monteacristo\source\repos\stm_tec_driver\embeddedproject1\visualgdb\debug\interruptmanager.dep
c:\users\monteacristo\source\repos\stm_tec_driver\embeddedproject1\visualgdb\debug\ledblink.dep
c:\users\monteacristo\source\repos\stm_tec_driver\embeddedproject1\visualgdb\debug\localfilesystem.dep
c:\users\monteacristo\source\repos\stm_tec_driver\embeddedproject1\visualgdb\debug\lp_ticker.dep
c:\users\monteacristo\source\repos\stm_tec_driver\embeddedproject1\visualgdb\debug\mbed_alloc_wrappers.dep
c:\users\monteacristo\source\repos\stm_tec_driver\embeddedproject1\visualgdb\debug\mbed_application.dep
c:\users\monteacristo\source\repos\stm_tec_driver\embeddedproject1\visualgdb\debug\mbed_assert.dep
c:\users\monteacristo\source\repos\stm_tec_driver\embeddedproject1\visualgdb\debug\mbed_board.dep
c:\users\monteacristo\source\repos\stm_tec_driver\embeddedproject1\visualgdb\debug\mbed_critical.dep
c:\users\monteacristo\source\repos\stm_tec_driver\embeddedproject1\visualgdb\debug\mbed_error.dep
c:\users\monteacristo\source\repos\stm_tec_driver\embeddedproject1\visualgdb\debug\mbed_flash_api.dep
c:\users\monteacristo\source\repos\stm_tec_driver\embeddedproject1\visualgdb\debug\mbed_gpio.dep
c:\users\monteacristo\source\repos\stm_tec_driver\embeddedproject1\visualgdb\debug\mbed_interface.dep
c:\users\monteacristo\source\repos\stm_tec_driver\embeddedproject1\visualgdb\debug\mbed_lp_ticker_api.dep
c:\users\monteacristo\source\repos\stm_tec_driver\embeddedproject1\visualgdb\debug\mbed_mem_trace.dep
c:\users\monteacristo\source\repos\stm_tec_driver\embeddedproject1\visualgdb\debug\mbed_mktime.dep
c:\users\monteacristo\source\repos\stm_tec_driver\embeddedproject1\visualgdb\debug\mbed_overrides.dep
c:\users\monteacristo\source\repos\stm_tec_driver\embeddedproject1\visualgdb\debug\mbed_pinmap_common.dep
c:\users\monteacristo\source\repos\stm_tec_driver\embeddedproject1\visualgdb\debug\mbed_poll.dep
c:\users\monteacristo\source\repos\stm_tec_driver\embeddedproject1\visualgdb\debug\mbed_retarget.dep
c:\users\monteacristo\source\repos\stm_tec_driver\embeddedproject1\visualgdb\debug\mbed_rtc_time.dep
c:\users\monteacristo\source\repos\stm_tec_driver\embeddedproject1\visualgdb\debug\mbed_sdk_boot.dep
c:\users\monteacristo\source\repos\stm_tec_driver\embeddedproject1\visualgdb\debug\mbed_semihost_api.dep
c:\users\monteacristo\source\repos\stm_tec_driver\embeddedproject1\visualgdb\debug\mbed_sleep_manager.dep
c:\users\monteacristo\source\repos\stm_tec_driver\embeddedproject1\visualgdb\debug\mbed_stats.dep
c:\users\monteacristo\source\repos\stm_tec_driver\embeddedproject1\visualgdb\debug\mbed_ticker_api.dep
c:\users\monteacristo\source\repos\stm_tec_driver\embeddedproject1\visualgdb\debug\mbed_us_ticker_api.dep
c:\users\monteacristo\source\repos\stm_tec_driver\embeddedproject1\visualgdb\debug\mbed_wait_api_no_rtos.dep
c:\users\monteacristo\source\repos\stm_tec_driver\embeddedproject1\visualgdb\debug\mbed_wait_api_rtos.dep
c:\users\monteacristo\source\repos\stm_tec_driver\embeddedproject1\visualgdb\debug\peripheralpins.dep
c:\users\monteacristo\source\repos\stm_tec_driver\embeddedproject1\visualgdb\debug\pinmap.dep
c:\users\monteacristo\source\repos\stm_tec_driver\embeddedproject1\visualgdb\debug\port_api.dep
c:\users\monteacristo\source\repos\stm_tec_driver\embeddedproject1\visualgdb\debug\pwmout_api.dep
c:\users\monteacristo\source\repos\stm_tec_driver\embeddedproject1\visualgdb\debug\pwmout_device.dep
c:\users\monteacristo\source\repos\stm_tec_driver\embeddedproject1\visualgdb\debug\rawserial.dep
c:\users\monteacristo\source\repos\stm_tec_driver\embeddedproject1\visualgdb\debug\rtc_api.dep
c:\users\monteacristo\source\repos\stm_tec_driver\embeddedproject1\visualgdb\debug\serial.dep
c:\users\monteacristo\source\repos\stm_tec_driver\embeddedproject1\visualgdb\debug\serialbase.dep
c:\users\monteacristo\source\repos\stm_tec_driver\embeddedproject1\visualgdb\debug\serial_api.dep
c:\users\monteacristo\source\repos\stm_tec_driver\embeddedproject1\visualgdb\debug\serial_device.dep
c:\users\monteacristo\source\repos\stm_tec_driver\embeddedproject1\visualgdb\debug\sleep.dep
c:\users\monteacristo\source\repos\stm_tec_driver\embeddedproject1\visualgdb\debug\spi.dep
c:\users\monteacristo\source\repos\stm_tec_driver\embeddedproject1\visualgdb\debug\spislave.dep
c:\users\monteacristo\source\repos\stm_tec_driver\embeddedproject1\visualgdb\debug\spi_api.dep
c:\users\monteacristo\source\repos\stm_tec_driver\embeddedproject1\visualgdb\debug\startup_stm32f407xx.dep
c:\users\monteacristo\source\repos\stm_tec_driver\embeddedproject1\visualgdb\debug\stm32f4xx_hal.dep
c:\users\monteacristo\source\repos\stm_tec_driver\embeddedproject1\visualgdb\debug\stm32f4xx_hal_adc.dep
c:\users\monteacristo\source\repos\stm_tec_driver\embeddedproject1\visualgdb\debug\stm32f4xx_hal_adc_ex.dep
c:\users\monteacristo\source\repos\stm_tec_driver\embeddedproject1\visualgdb\debug\stm32f4xx_hal_can.dep
c:\users\monteacristo\source\repos\stm_tec_driver\embeddedproject1\visualgdb\debug\stm32f4xx_hal_cec.dep
c:\users\monteacristo\source\repos\stm_tec_driver\embeddedproject1\visualgdb\debug\stm32f4xx_hal_cortex.dep
c:\users\monteacristo\source\repos\stm_tec_driver\embeddedproject1\visualgdb\debug\stm32f4xx_hal_crc.dep
c:\users\monteacristo\source\repos\stm_tec_driver\embeddedproject1\visualgdb\debug\stm32f4xx_hal_cryp.dep
c:\users\monteacristo\source\repos\stm_tec_driver\embeddedproject1\visualgdb\debug\stm32f4xx_hal_cryp_ex.dep
c:\users\monteacristo\source\repos\stm_tec_driver\embeddedproject1\visualgdb\debug\stm32f4xx_hal_dac.dep
c:\users\monteacristo\source\repos\stm_tec_driver\embeddedproject1\visualgdb\debug\stm32f4xx_hal_dac_ex.dep
c:\users\monteacristo\source\repos\stm_tec_driver\embeddedproject1\visualgdb\debug\stm32f4xx_hal_dcmi.dep
c:\users\monteacristo\source\repos\stm_tec_driver\embeddedproject1\visualgdb\debug\stm32f4xx_hal_dcmi_ex.dep
c:\users\monteacristo\source\repos\stm_tec_driver\embeddedproject1\visualgdb\debug\stm32f4xx_hal_dfsdm.dep
c:\users\monteacristo\source\repos\stm_tec_driver\embeddedproject1\visualgdb\debug\stm32f4xx_hal_dma.dep
c:\users\monteacristo\source\repos\stm_tec_driver\embeddedproject1\visualgdb\debug\stm32f4xx_hal_dma2d.dep
c:\users\monteacristo\source\repos\stm_tec_driver\embeddedproject1\visualgdb\debug\stm32f4xx_hal_dma_ex.dep
c:\users\monteacristo\source\repos\stm_tec_driver\embeddedproject1\visualgdb\debug\stm32f4xx_hal_dsi.dep
c:\users\monteacristo\source\repos\stm_tec_driver\embeddedproject1\visualgdb\debug\stm32f4xx_hal_eth.dep
c:\users\monteacristo\source\repos\stm_tec_driver\embeddedproject1\visualgdb\debug\stm32f4xx_hal_flash.dep
c:\users\monteacristo\source\repos\stm_tec_driver\embeddedproject1\visualgdb\debug\stm32f4xx_hal_flash_ex.dep
c:\users\monteacristo\source\repos\stm_tec_driver\embeddedproject1\visualgdb\debug\stm32f4xx_hal_flash_ramfunc.dep
c:\users\monteacristo\source\repos\stm_tec_driver\embeddedproject1\visualgdb\debug\stm32f4xx_hal_fmpi2c.dep
c:\users\monteacristo\source\repos\stm_tec_driver\embeddedproject1\visualgdb\debug\stm32f4xx_hal_fmpi2c_ex.dep
c:\users\monteacristo\source\repos\stm_tec_driver\embeddedproject1\visualgdb\debug\stm32f4xx_hal_gpio.dep
c:\users\monteacristo\source\repos\stm_tec_driver\embeddedproject1\visualgdb\debug\stm32f4xx_hal_hash.dep
c:\users\monteacristo\source\repos\stm_tec_driver\embeddedproject1\visualgdb\debug\stm32f4xx_hal_hash_ex.dep
c:\users\monteacristo\source\repos\stm_tec_driver\embeddedproject1\visualgdb\debug\stm32f4xx_hal_hcd.dep
c:\users\monteacristo\source\repos\stm_tec_driver\embeddedproject1\visualgdb\debug\stm32f4xx_hal_i2c.dep
c:\users\monteacristo\source\repos\stm_tec_driver\embeddedproject1\visualgdb\debug\stm32f4xx_hal_i2c_ex.dep
c:\users\monteacristo\source\repos\stm_tec_driver\embeddedproject1\visualgdb\debug\stm32f4xx_hal_i2s.dep
c:\users\monteacristo\source\repos\stm_tec_driver\embeddedproject1\visualgdb\debug\stm32f4xx_hal_i2s_ex.dep
c:\users\monteacristo\source\repos\stm_tec_driver\embeddedproject1\visualgdb\debug\stm32f4xx_hal_irda.dep
c:\users\monteacristo\source\repos\stm_tec_driver\embeddedproject1\visualgdb\debug\stm32f4xx_hal_iwdg.dep
c:\users\monteacristo\source\repos\stm_tec_driver\embeddedproject1\visualgdb\debug\stm32f4xx_hal_lptim.dep
c:\users\monteacristo\source\repos\stm_tec_driver\embeddedproject1\visualgdb\debug\stm32f4xx_hal_ltdc.dep
c:\users\monteacristo\source\repos\stm_tec_driver\embeddedproject1\visualgdb\debug\stm32f4xx_hal_ltdc_ex.dep
c:\users\monteacristo\source\repos\stm_tec_driver\embeddedproject1\visualgdb\debug\stm32f4xx_hal_mmc.dep
c:\users\monteacristo\source\repos\stm_tec_driver\embeddedproject1\visualgdb\debug\stm32f4xx_hal_msp_template.dep
c:\users\monteacristo\source\repos\stm_tec_driver\embeddedproject1\visualgdb\debug\stm32f4xx_hal_nand.dep
c:\users\monteacristo\source\repos\stm_tec_driver\embeddedproject1\visualgdb\debug\stm32f4xx_hal_nor.dep
c:\users\monteacristo\source\repos\stm_tec_driver\embeddedproject1\visualgdb\debug\stm32f4xx_hal_pccard.dep
c:\users\monteacristo\source\repos\stm_tec_driver\embeddedproject1\visualgdb\debug\stm32f4xx_hal_pcd.dep
c:\users\monteacristo\source\repos\stm_tec_driver\embeddedproject1\visualgdb\debug\stm32f4xx_hal_pcd_ex.dep
c:\users\monteacristo\source\repos\stm_tec_driver\embeddedproject1\visualgdb\debug\stm32f4xx_hal_pwr.dep
c:\users\monteacristo\source\repos\stm_tec_driver\embeddedproject1\visualgdb\debug\stm32f4xx_hal_pwr_ex.dep
c:\users\monteacristo\source\repos\stm_tec_driver\embeddedproject1\visualgdb\debug\stm32f4xx_hal_qspi.dep
c:\users\monteacristo\source\repos\stm_tec_driver\embeddedproject1\visualgdb\debug\stm32f4xx_hal_rcc.dep
c:\users\monteacristo\source\repos\stm_tec_driver\embeddedproject1\visualgdb\debug\stm32f4xx_hal_rcc_ex.dep
c:\users\monteacristo\source\repos\stm_tec_driver\embeddedproject1\visualgdb\debug\stm32f4xx_hal_rng.dep
c:\users\monteacristo\source\repos\stm_tec_driver\embeddedproject1\visualgdb\debug\stm32f4xx_hal_rtc.dep
c:\users\monteacristo\source\repos\stm_tec_driver\embeddedproject1\visualgdb\debug\stm32f4xx_hal_rtc_ex.dep
c:\users\monteacristo\source\repos\stm_tec_driver\embeddedproject1\visualgdb\debug\stm32f4xx_hal_sai.dep
c:\users\monteacristo\source\repos\stm_tec_driver\embeddedproject1\visualgdb\debug\stm32f4xx_hal_sai_ex.dep
c:\users\monteacristo\source\repos\stm_tec_driver\embeddedproject1\visualgdb\debug\stm32f4xx_hal_sd.dep
c:\users\monteacristo\source\repos\stm_tec_driver\embeddedproject1\visualgdb\debug\stm32f4xx_hal_sdram.dep
c:\users\monteacristo\source\repos\stm_tec_driver\embeddedproject1\visualgdb\debug\stm32f4xx_hal_smartcard.dep
c:\users\monteacristo\source\repos\stm_tec_driver\embeddedproject1\visualgdb\debug\stm32f4xx_hal_spdifrx.dep
c:\users\monteacristo\source\repos\stm_tec_driver\embeddedproject1\visualgdb\debug\stm32f4xx_hal_spi.dep
c:\users\monteacristo\source\repos\stm_tec_driver\embeddedproject1\visualgdb\debug\stm32f4xx_hal_sram.dep
c:\users\monteacristo\source\repos\stm_tec_driver\embeddedproject1\visualgdb\debug\stm32f4xx_hal_tim.dep
c:\users\monteacristo\source\repos\stm_tec_driver\embeddedproject1\visualgdb\debug\stm32f4xx_hal_tim_ex.dep
c:\users\monteacristo\source\repos\stm_tec_driver\embeddedproject1\visualgdb\debug\stm32f4xx_hal_uart.dep
c:\users\monteacristo\source\repos\stm_tec_driver\embeddedproject1\visualgdb\debug\stm32f4xx_hal_usart.dep
c:\users\monteacristo\source\repos\stm_tec_driver\embeddedproject1\visualgdb\debug\stm32f4xx_hal_wwdg.dep
c:\users\monteacristo\source\repos\stm_tec_driver\embeddedproject1\visualgdb\debug\stm32f4xx_ll_adc.dep
c:\users\monteacristo\source\repos\stm_tec_driver\embeddedproject1\visualgdb\debug\stm32f4xx_ll_crc.dep
c:\users\monteacristo\source\repos\stm_tec_driver\embeddedproject1\visualgdb\debug\stm32f4xx_ll_dac.dep
c:\users\monteacristo\source\repos\stm_tec_driver\embeddedproject1\visualgdb\debug\stm32f4xx_ll_dma.dep
c:\users\monteacristo\source\repos\stm_tec_driver\embeddedproject1\visualgdb\debug\stm32f4xx_ll_dma2d.dep
c:\users\monteacristo\source\repos\stm_tec_driver\embeddedproject1\visualgdb\debug\stm32f4xx_ll_exti.dep
c:\users\monteacristo\source\repos\stm_tec_driver\embeddedproject1\visualgdb\debug\stm32f4xx_ll_fmc.dep
c:\users\monteacristo\source\repos\stm_tec_driver\embeddedproject1\visualgdb\debug\stm32f4xx_ll_fsmc.dep
c:\users\monteacristo\source\repos\stm_tec_driver\embeddedproject1\visualgdb\debug\stm32f4xx_ll_gpio.dep
c:\users\monteacristo\source\repos\stm_tec_driver\embeddedproject1\visualgdb\debug\stm32f4xx_ll_i2c.dep
c:\users\monteacristo\source\repos\stm_tec_driver\embeddedproject1\visualgdb\debug\stm32f4xx_ll_lptim.dep
c:\users\monteacristo\source\repos\stm_tec_driver\embeddedproject1\visualgdb\debug\stm32f4xx_ll_pwr.dep
c:\users\monteacristo\source\repos\stm_tec_driver\embeddedproject1\visualgdb\debug\stm32f4xx_ll_rcc.dep
c:\users\monteacristo\source\repos\stm_tec_driver\embeddedproject1\visualgdb\debug\stm32f4xx_ll_rng.dep
c:\users\monteacristo\source\repos\stm_tec_driver\embeddedproject1\visualgdb\debug\stm32f4xx_ll_rtc.dep
c:\users\monteacristo\source\repos\stm_tec_driver\embeddedproject1\visualgdb\debug\stm32f4xx_ll_sdmmc.dep
c:\users\monteacristo\source\repos\stm_tec_driver\embeddedproject1\visualgdb\debug\stm32f4xx_ll_spi.dep
c:\users\monteacristo\source\repos\stm_tec_driver\embeddedproject1\visualgdb\debug\stm32f4xx_ll_tim.dep
c:\users\monteacristo\source\repos\stm_tec_driver\embeddedproject1\visualgdb\debug\stm32f4xx_ll_usart.dep
c:\users\monteacristo\source\repos\stm_tec_driver\embeddedproject1\visualgdb\debug\stm32f4xx_ll_usb.dep
c:\users\monteacristo\source\repos\stm_tec_driver\embeddedproject1\visualgdb\debug\stm32f4xx_ll_utils.dep
c:\users\monteacristo\source\repos\stm_tec_driver\embeddedproject1\visualgdb\debug\stm_spi_api.dep
c:\users\monteacristo\source\repos\stm_tec_driver\embeddedproject1\visualgdb\debug\stream.dep
c:\users\monteacristo\source\repos\stm_tec_driver\embeddedproject1\visualgdb\debug\stubs.dep
c:\users\monteacristo\source\repos\stm_tec_driver\embeddedproject1\visualgdb\debug\system_clock.dep
c:\users\monteacristo\source\repos\stm_tec_driver\embeddedproject1\visualgdb\debug\system_stm32f4xx.dep
c:\users\monteacristo\source\repos\stm_tec_driver\embeddedproject1\visualgdb\debug\ticker.dep
c:\users\monteacristo\source\repos\stm_tec_driver\embeddedproject1\visualgdb\debug\timeout.dep
c:\users\monteacristo\source\repos\stm_tec_driver\embeddedproject1\visualgdb\debug\timer.dep
c:\users\monteacristo\source\repos\stm_tec_driver\embeddedproject1\visualgdb\debug\timerevent.dep
c:\users\monteacristo\source\repos\stm_tec_driver\embeddedproject1\visualgdb\debug\trng_api.dep
c:\users\monteacristo\source\repos\stm_tec_driver\embeddedproject1\visualgdb\debug\uartserial.dep
c:\users\monteacristo\source\repos\stm_tec_driver\embeddedproject1\visualgdb\debug\usbaudio.dep
c:\users\monteacristo\source\repos\stm_tec_driver\embeddedproject1\visualgdb\debug\usbcdc.dep
c:\users\monteacristo\source\repos\stm_tec_driver\embeddedproject1\visualgdb\debug\usbdevice.dep
c:\users\monteacristo\source\repos\stm_tec_driver\embeddedproject1\visualgdb\debug\usbhal_stm32.dep
c:\users\monteacristo\source\repos\stm_tec_driver\embeddedproject1\visualgdb\debug\usbhal_stm32f4.dep
c:\users\monteacristo\source\repos\stm_tec_driver\embeddedproject1\visualgdb\debug\usbhid.dep
c:\users\monteacristo\source\repos\stm_tec_driver\embeddedproject1\visualgdb\debug\usbkeyboard.dep
c:\users\monteacristo\source\repos\stm_tec_driver\embeddedproject1\visualgdb\debug\usbmidi.dep
c:\users\monteacristo\source\repos\stm_tec_driver\embeddedproject1\visualgdb\debug\usbmouse.dep
c:\users\monteacristo\source\repos\stm_tec_driver\embeddedproject1\visualgdb\debug\usbmousekeyboard.dep
c:\users\monteacristo\source\repos\stm_tec_driver\embeddedproject1\visualgdb\debug\usbmsd.dep
c:\users\monteacristo\source\repos\stm_tec_driver\embeddedproject1\visualgdb\debug\usbserial.dep
c:\users\monteacristo\source\repos\stm_tec_driver\embeddedproject1\visualgdb\debug\us_ticker_16b.dep
c:\users\monteacristo\source\repos\stm_tec_driver\embeddedproject1\visualgdb\debug\us_ticker_32b.dep
c:\users\monteacristo\source\repos\stm_tec_driver\embeddedproject1\visualgdb\debug\analogin.gcc.rsp
c:\users\monteacristo\source\repos\stm_tec_driver\embeddedproject1\visualgdb\debug\analogin_api.gcc.rsp
c:\users\monteacristo\source\repos\stm_tec_driver\embeddedproject1\visualgdb\debug\analogout_api.gcc.rsp
c:\users\monteacristo\source\repos\stm_tec_driver\embeddedproject1\visualgdb\debug\analogout_device.gcc.rsp
c:\users\monteacristo\source\repos\stm_tec_driver\embeddedproject1\visualgdb\debug\assert.gcc.rsp
c:\users\monteacristo\source\repos\stm_tec_driver\embeddedproject1\visualgdb\debug\atcmdparser.gcc.rsp
c:\users\monteacristo\source\repos\stm_tec_driver\embeddedproject1\visualgdb\debug\busin.gcc.rsp
c:\users\monteacristo\source\repos\stm_tec_driver\embeddedproject1\visualgdb\debug\businout.gcc.rsp
c:\users\monteacristo\source\repos\stm_tec_driver\embeddedproject1\visualgdb\debug\busout.gcc.rsp
c:\users\monteacristo\source\repos\stm_tec_driver\embeddedproject1\visualgdb\debug\callchain.gcc.rsp
c:\users\monteacristo\source\repos\stm_tec_driver\embeddedproject1\visualgdb\debug\can.gcc.rsp
c:\users\monteacristo\source\repos\stm_tec_driver\embeddedproject1\visualgdb\debug\can_api.gcc.rsp
c:\users\monteacristo\source\repos\stm_tec_driver\embeddedproject1\visualgdb\debug\ethernet.gcc.rsp
c:\users\monteacristo\source\repos\stm_tec_driver\embeddedproject1\visualgdb\debug\filebase.gcc.rsp
c:\users\monteacristo\source\repos\stm_tec_driver\embeddedproject1\visualgdb\debug\filehandle.gcc.rsp
c:\users\monteacristo\source\repos\stm_tec_driver\embeddedproject1\visualgdb\debug\filepath.gcc.rsp
c:\users\monteacristo\source\repos\stm_tec_driver\embeddedproject1\visualgdb\debug\filesystemhandle.gcc.rsp
c:\users\monteacristo\source\repos\stm_tec_driver\embeddedproject1\visualgdb\debug\flashiap.gcc.rsp
c:\users\monteacristo\source\repos\stm_tec_driver\embeddedproject1\visualgdb\debug\flash_api.gcc.rsp
c:\users\monteacristo\source\repos\stm_tec_driver\embeddedproject1\visualgdb\debug\gpio_api.gcc.rsp
c:\users\monteacristo\source\repos\stm_tec_driver\embeddedproject1\visualgdb\debug\gpio_irq_api.gcc.rsp
c:\users\monteacristo\source\repos\stm_tec_driver\embeddedproject1\visualgdb\debug\gpio_irq_device.gcc.rsp
c:\users\monteacristo\source\repos\stm_tec_driver\embeddedproject1\visualgdb\debug\hal_init_pre.gcc.rsp
c:\users\monteacristo\source\repos\stm_tec_driver\embeddedproject1\visualgdb\debug\hal_tick_16b.gcc.rsp
c:\users\monteacristo\source\repos\stm_tec_driver\embeddedproject1\visualgdb\debug\hal_tick_32b.gcc.rsp
c:\users\monteacristo\source\repos\stm_tec_driver\embeddedproject1\visualgdb\debug\i2c.gcc.rsp
c:\users\monteacristo\source\repos\stm_tec_driver\embeddedproject1\visualgdb\debug\i2cslave.gcc.rsp
c:\users\monteacristo\source\repos\stm_tec_driver\embeddedproject1\visualgdb\debug\i2c_api.gcc.rsp
c:\users\monteacristo\source\repos\stm_tec_driver\embeddedproject1\visualgdb\debug\interruptin.gcc.rsp
c:\users\monteacristo\source\repos\stm_tec_driver\embeddedproject1\visualgdb\debug\interruptmanager.gcc.rsp
c:\users\monteacristo\source\repos\stm_tec_driver\embeddedproject1\visualgdb\debug\ledblink.gcc.rsp
c:\users\monteacristo\source\repos\stm_tec_driver\embeddedproject1\visualgdb\debug\localfilesystem.gcc.rsp
c:\users\monteacristo\source\repos\stm_tec_driver\embeddedproject1\visualgdb\debug\lp_ticker.gcc.rsp
c:\users\monteacristo\source\repos\stm_tec_driver\embeddedproject1\visualgdb\debug\mbed_alloc_wrappers.gcc.rsp
c:\users\monteacristo\source\repos\stm_tec_driver\embeddedproject1\visualgdb\debug\mbed_application.gcc.rsp
c:\users\monteacristo\source\repos\stm_tec_driver\embeddedproject1\visualgdb\debug\mbed_assert.gcc.rsp
c:\users\monteacristo\source\repos\stm_tec_driver\embeddedproject1\visualgdb\debug\mbed_board.gcc.rsp
c:\users\monteacristo\source\repos\stm_tec_driver\embeddedproject1\visualgdb\debug\mbed_critical.gcc.rsp
c:\users\monteacristo\source\repos\stm_tec_driver\embeddedproject1\visualgdb\debug\mbed_error.gcc.rsp
c:\users\monteacristo\source\repos\stm_tec_driver\embeddedproject1\visualgdb\debug\mbed_flash_api.gcc.rsp
c:\users\monteacristo\source\repos\stm_tec_driver\embeddedproject1\visualgdb\debug\mbed_gpio.gcc.rsp
c:\users\monteacristo\source\repos\stm_tec_driver\embeddedproject1\visualgdb\debug\mbed_interface.gcc.rsp
c:\users\monteacristo\source\repos\stm_tec_driver\embeddedproject1\visualgdb\debug\mbed_lp_ticker_api.gcc.rsp
c:\users\monteacristo\source\repos\stm_tec_driver\embeddedproject1\visualgdb\debug\mbed_mem_trace.gcc.rsp
c:\users\monteacristo\source\repos\stm_tec_driver\embeddedproject1\visualgdb\debug\mbed_mktime.gcc.rsp
c:\users\monteacristo\source\repos\stm_tec_driver\embeddedproject1\visualgdb\debug\mbed_overrides.gcc.rsp
c:\users\monteacristo\source\repos\stm_tec_driver\embeddedproject1\visualgdb\debug\mbed_pinmap_common.gcc.rsp
c:\users\monteacristo\source\repos\stm_tec_driver\embeddedproject1\visualgdb\debug\mbed_poll.gcc.rsp
c:\users\monteacristo\source\repos\stm_tec_driver\embeddedproject1\visualgdb\debug\mbed_retarget.gcc.rsp
c:\users\monteacristo\source\repos\stm_tec_driver\embeddedproject1\visualgdb\debug\mbed_rtc_time.gcc.rsp
c:\users\monteacristo\source\repos\stm_tec_driver\embeddedproject1\visualgdb\debug\mbed_sdk_boot.gcc.rsp
c:\users\monteacristo\source\repos\stm_tec_driver\embeddedproject1\visualgdb\debug\mbed_semihost_api.gcc.rsp
c:\users\monteacristo\source\repos\stm_tec_driver\embeddedproject1\visualgdb\debug\mbed_sleep_manager.gcc.rsp
c:\users\monteacristo\source\repos\stm_tec_driver\embeddedproject1\visualgdb\debug\mbed_stats.gcc.rsp
c:\users\monteacristo\source\repos\stm_tec_driver\embeddedproject1\visualgdb\debug\mbed_ticker_api.gcc.rsp
c:\users\monteacristo\source\repos\stm_tec_driver\embeddedproject1\visualgdb\debug\mbed_us_ticker_api.gcc.rsp
c:\users\monteacristo\source\repos\stm_tec_driver\embeddedproject1\visualgdb\debug\mbed_wait_api_no_rtos.gcc.rsp
c:\users\monteacristo\source\repos\stm_tec_driver\embeddedproject1\visualgdb\debug\mbed_wait_api_rtos.gcc.rsp
c:\users\monteacristo\source\repos\stm_tec_driver\embeddedproject1\visualgdb\debug\peripheralpins.gcc.rsp
c:\users\monteacristo\source\repos\stm_tec_driver\embeddedproject1\visualgdb\debug\pinmap.gcc.rsp
c:\users\monteacristo\source\repos\stm_tec_driver\embeddedproject1\visualgdb\debug\port_api.gcc.rsp
c:\users\monteacristo\source\repos\stm_tec_driver\embeddedproject1\visualgdb\debug\pwmout_api.gcc.rsp
c:\users\monteacristo\source\repos\stm_tec_driver\embeddedproject1\visualgdb\debug\pwmout_device.gcc.rsp
c:\users\monteacristo\source\repos\stm_tec_driver\embeddedproject1\visualgdb\debug\rawserial.gcc.rsp
c:\users\monteacristo\source\repos\stm_tec_driver\embeddedproject1\visualgdb\debug\rtc_api.gcc.rsp
c:\users\monteacristo\source\repos\stm_tec_driver\embeddedproject1\visualgdb\debug\serial.gcc.rsp
c:\users\monteacristo\source\repos\stm_tec_driver\embeddedproject1\visualgdb\debug\serialbase.gcc.rsp
c:\users\monteacristo\source\repos\stm_tec_driver\embeddedproject1\visualgdb\debug\serial_api.gcc.rsp
c:\users\monteacristo\source\repos\stm_tec_driver\embeddedproject1\visualgdb\debug\serial_device.gcc.rsp
c:\users\monteacristo\source\repos\stm_tec_driver\embeddedproject1\visualgdb\debug\sleep.gcc.rsp
c:\users\monteacristo\source\repos\stm_tec_driver\embeddedproject1\visualgdb\debug\spi.gcc.rsp
c:\users\monteacristo\source\repos\stm_tec_driver\embeddedproject1\visualgdb\debug\spislave.gcc.rsp
c:\users\monteacristo\source\repos\stm_tec_driver\embeddedproject1\visualgdb\debug\spi_api.gcc.rsp
c:\users\monteacristo\source\repos\stm_tec_driver\embeddedproject1\visualgdb\debug\startup_stm32f407xx.gcc.rsp
c:\users\monteacristo\source\repos\stm_tec_driver\embeddedproject1\visualgdb\debug\stm32f4xx_hal.gcc.rsp
c:\users\monteacristo\source\repos\stm_tec_driver\embeddedproject1\visualgdb\debug\stm32f4xx_hal_adc.gcc.rsp
c:\users\monteacristo\source\repos\stm_tec_driver\embeddedproject1\visualgdb\debug\stm32f4xx_hal_adc_ex.gcc.rsp
c:\users\monteacristo\source\repos\stm_tec_driver\embeddedproject1\visualgdb\debug\stm32f4xx_hal_can.gcc.rsp
c:\users\monteacristo\source\repos\stm_tec_driver\embeddedproject1\visualgdb\debug\stm32f4xx_hal_cec.gcc.rsp
c:\users\monteacristo\source\repos\stm_tec_driver\embeddedproject1\visualgdb\debug\stm32f4xx_hal_cortex.gcc.rsp
c:\users\monteacristo\source\repos\stm_tec_driver\embeddedproject1\visualgdb\debug\stm32f4xx_hal_crc.gcc.rsp
c:\users\monteacristo\source\repos\stm_tec_driver\embeddedproject1\visualgdb\debug\stm32f4xx_hal_cryp.gcc.rsp
c:\users\monteacristo\source\repos\stm_tec_driver\embeddedproject1\visualgdb\debug\stm32f4xx_hal_cryp_ex.gcc.rsp
c:\users\monteacristo\source\repos\stm_tec_driver\embeddedproject1\visualgdb\debug\stm32f4xx_hal_dac.gcc.rsp
c:\users\monteacristo\source\repos\stm_tec_driver\embeddedproject1\visualgdb\debug\stm32f4xx_hal_dac_ex.gcc.rsp
c:\users\monteacristo\source\repos\stm_tec_driver\embeddedproject1\visualgdb\debug\stm32f4xx_hal_dcmi.gcc.rsp
c:\users\monteacristo\source\repos\stm_tec_driver\embeddedproject1\visualgdb\debug\stm32f4xx_hal_dcmi_ex.gcc.rsp
c:\users\monteacristo\source\repos\stm_tec_driver\embeddedproject1\visualgdb\debug\stm32f4xx_hal_dfsdm.gcc.rsp
c:\users\monteacristo\source\repos\stm_tec_driver\embeddedproject1\visualgdb\debug\stm32f4xx_hal_dma.gcc.rsp
c:\users\monteacristo\source\repos\stm_tec_driver\embeddedproject1\visualgdb\debug\stm32f4xx_hal_dma2d.gcc.rsp
c:\users\monteacristo\source\repos\stm_tec_driver\embeddedproject1\visualgdb\debug\stm32f4xx_hal_dma_ex.gcc.rsp
c:\users\monteacristo\source\repos\stm_tec_driver\embeddedproject1\visualgdb\debug\stm32f4xx_hal_dsi.gcc.rsp
c:\users\monteacristo\source\repos\stm_tec_driver\embeddedproject1\visualgdb\debug\stm32f4xx_hal_eth.gcc.rsp
c:\users\monteacristo\source\repos\stm_tec_driver\embeddedproject1\visualgdb\debug\stm32f4xx_hal_flash.gcc.rsp
c:\users\monteacristo\source\repos\stm_tec_driver\embeddedproject1\visualgdb\debug\stm32f4xx_hal_flash_ex.gcc.rsp
c:\users\monteacristo\source\repos\stm_tec_driver\embeddedproject1\visualgdb\debug\stm32f4xx_hal_flash_ramfunc.gcc.rsp
c:\users\monteacristo\source\repos\stm_tec_driver\embeddedproject1\visualgdb\debug\stm32f4xx_hal_fmpi2c.gcc.rsp
c:\users\monteacristo\source\repos\stm_tec_driver\embeddedproject1\visualgdb\debug\stm32f4xx_hal_fmpi2c_ex.gcc.rsp
c:\users\monteacristo\source\repos\stm_tec_driver\embeddedproject1\visualgdb\debug\stm32f4xx_hal_gpio.gcc.rsp
c:\users\monteacristo\source\repos\stm_tec_driver\embeddedproject1\visualgdb\debug\stm32f4xx_hal_hash.gcc.rsp
c:\users\monteacristo\source\repos\stm_tec_driver\embeddedproject1\visualgdb\debug\stm32f4xx_hal_hash_ex.gcc.rsp
c:\users\monteacristo\source\repos\stm_tec_driver\embeddedproject1\visualgdb\debug\stm32f4xx_hal_hcd.gcc.rsp
c:\users\monteacristo\source\repos\stm_tec_driver\embeddedproject1\visualgdb\debug\stm32f4xx_hal_i2c.gcc.rsp
c:\users\monteacristo\source\repos\stm_tec_driver\embeddedproject1\visualgdb\debug\stm32f4xx_hal_i2c_ex.gcc.rsp
c:\users\monteacristo\source\repos\stm_tec_driver\embeddedproject1\visualgdb\debug\stm32f4xx_hal_i2s.gcc.rsp
c:\users\monteacristo\source\repos\stm_tec_driver\embeddedproject1\visualgdb\debug\stm32f4xx_hal_i2s_ex.gcc.rsp
c:\users\monteacristo\source\repos\stm_tec_driver\embeddedproject1\visualgdb\debug\stm32f4xx_hal_irda.gcc.rsp
c:\users\monteacristo\source\repos\stm_tec_driver\embeddedproject1\visualgdb\debug\stm32f4xx_hal_iwdg.gcc.rsp
c:\users\monteacristo\source\repos\stm_tec_driver\embeddedproject1\visualgdb\debug\stm32f4xx_hal_lptim.gcc.rsp
c:\users\monteacristo\source\repos\stm_tec_driver\embeddedproject1\visualgdb\debug\stm32f4xx_hal_ltdc.gcc.rsp
c:\users\monteacristo\source\repos\stm_tec_driver\embeddedproject1\visualgdb\debug\stm32f4xx_hal_ltdc_ex.gcc.rsp
c:\users\monteacristo\source\repos\stm_tec_driver\embeddedproject1\visualgdb\debug\stm32f4xx_hal_mmc.gcc.rsp
c:\users\monteacristo\source\repos\stm_tec_driver\embeddedproject1\visualgdb\debug\stm32f4xx_hal_msp_template.gcc.rsp
c:\users\monteacristo\source\repos\stm_tec_driver\embeddedproject1\visualgdb\debug\stm32f4xx_hal_nand.gcc.rsp
c:\users\monteacristo\source\repos\stm_tec_driver\embeddedproject1\visualgdb\debug\stm32f4xx_hal_nor.gcc.rsp
c:\users\monteacristo\source\repos\stm_tec_driver\embeddedproject1\visualgdb\debug\stm32f4xx_hal_pccard.gcc.rsp
c:\users\monteacristo\source\repos\stm_tec_driver\embeddedproject1\visualgdb\debug\stm32f4xx_hal_pcd.gcc.rsp
c:\users\monteacristo\source\repos\stm_tec_driver\embeddedproject1\visualgdb\debug\stm32f4xx_hal_pcd_ex.gcc.rsp
c:\users\monteacristo\source\repos\stm_tec_driver\embeddedproject1\visualgdb\debug\stm32f4xx_hal_pwr.gcc.rsp
c:\users\monteacristo\source\repos\stm_tec_driver\embeddedproject1\visualgdb\debug\stm32f4xx_hal_pwr_ex.gcc.rsp
c:\users\monteacristo\source\repos\stm_tec_driver\embeddedproject1\visualgdb\debug\stm32f4xx_hal_qspi.gcc.rsp
c:\users\monteacristo\source\repos\stm_tec_driver\embeddedproject1\visualgdb\debug\stm32f4xx_hal_rcc.gcc.rsp
c:\users\monteacristo\source\repos\stm_tec_driver\embeddedproject1\visualgdb\debug\stm32f4xx_hal_rcc_ex.gcc.rsp
c:\users\monteacristo\source\repos\stm_tec_driver\embeddedproject1\visualgdb\debug\stm32f4xx_hal_rng.gcc.rsp
c:\users\monteacristo\source\repos\stm_tec_driver\embeddedproject1\visualgdb\debug\stm32f4xx_hal_rtc.gcc.rsp
c:\users\monteacristo\source\repos\stm_tec_driver\embeddedproject1\visualgdb\debug\stm32f4xx_hal_rtc_ex.gcc.rsp
c:\users\monteacristo\source\repos\stm_tec_driver\embeddedproject1\visualgdb\debug\stm32f4xx_hal_sai.gcc.rsp
c:\users\monteacristo\source\repos\stm_tec_driver\embeddedproject1\visualgdb\debug\stm32f4xx_hal_sai_ex.gcc.rsp
c:\users\monteacristo\source\repos\stm_tec_driver\embeddedproject1\visualgdb\debug\stm32f4xx_hal_sd.gcc.rsp
c:\users\monteacristo\source\repos\stm_tec_driver\embeddedproject1\visualgdb\debug\stm32f4xx_hal_sdram.gcc.rsp
c:\users\monteacristo\source\repos\stm_tec_driver\embeddedproject1\visualgdb\debug\stm32f4xx_hal_smartcard.gcc.rsp
c:\users\monteacristo\source\repos\stm_tec_driver\embeddedproject1\visualgdb\debug\stm32f4xx_hal_spdifrx.gcc.rsp
c:\users\monteacristo\source\repos\stm_tec_driver\embeddedproject1\visualgdb\debug\stm32f4xx_hal_spi.gcc.rsp
c:\users\monteacristo\source\repos\stm_tec_driver\embeddedproject1\visualgdb\debug\stm32f4xx_hal_sram.gcc.rsp
c:\users\monteacristo\source\repos\stm_tec_driver\embeddedproject1\visualgdb\debug\stm32f4xx_hal_tim.gcc.rsp
c:\users\monteacristo\source\repos\stm_tec_driver\embeddedproject1\visualgdb\debug\stm32f4xx_hal_tim_ex.gcc.rsp
c:\users\monteacristo\source\repos\stm_tec_driver\embeddedproject1\visualgdb\debug\stm32f4xx_hal_uart.gcc.rsp
c:\users\monteacristo\source\repos\stm_tec_driver\embeddedproject1\visualgdb\debug\stm32f4xx_hal_usart.gcc.rsp
c:\users\monteacristo\source\repos\stm_tec_driver\embeddedproject1\visualgdb\debug\stm32f4xx_hal_wwdg.gcc.rsp
c:\users\monteacristo\source\repos\stm_tec_driver\embeddedproject1\visualgdb\debug\stm32f4xx_ll_adc.gcc.rsp
c:\users\monteacristo\source\repos\stm_tec_driver\embeddedproject1\visualgdb\debug\stm32f4xx_ll_crc.gcc.rsp
c:\users\monteacristo\source\repos\stm_tec_driver\embeddedproject1\visualgdb\debug\stm32f4xx_ll_dac.gcc.rsp
c:\users\monteacristo\source\repos\stm_tec_driver\embeddedproject1\visualgdb\debug\stm32f4xx_ll_dma.gcc.rsp
c:\users\monteacristo\source\repos\stm_tec_driver\embeddedproject1\visualgdb\debug\stm32f4xx_ll_dma2d.gcc.rsp
c:\users\monteacristo\source\repos\stm_tec_driver\embeddedproject1\visualgdb\debug\stm32f4xx_ll_exti.gcc.rsp
c:\users\monteacristo\source\repos\stm_tec_driver\embeddedproject1\visualgdb\debug\stm32f4xx_ll_fmc.gcc.rsp
c:\users\monteacristo\source\repos\stm_tec_driver\embeddedproject1\visualgdb\debug\stm32f4xx_ll_fsmc.gcc.rsp
c:\users\monteacristo\source\repos\stm_tec_driver\embeddedproject1\visualgdb\debug\stm32f4xx_ll_gpio.gcc.rsp
c:\users\monteacristo\source\repos\stm_tec_driver\embeddedproject1\visualgdb\debug\stm32f4xx_ll_i2c.gcc.rsp
c:\users\monteacristo\source\repos\stm_tec_driver\embeddedproject1\visualgdb\debug\stm32f4xx_ll_lptim.gcc.rsp
c:\users\monteacristo\source\repos\stm_tec_driver\embeddedproject1\visualgdb\debug\stm32f4xx_ll_pwr.gcc.rsp
c:\users\monteacristo\source\repos\stm_tec_driver\embeddedproject1\visualgdb\debug\stm32f4xx_ll_rcc.gcc.rsp
c:\users\monteacristo\source\repos\stm_tec_driver\embeddedproject1\visualgdb\debug\stm32f4xx_ll_rng.gcc.rsp
c:\users\monteacristo\source\repos\stm_tec_driver\embeddedproject1\visualgdb\debug\stm32f4xx_ll_rtc.gcc.rsp
c:\users\monteacristo\source\repos\stm_tec_driver\embeddedproject1\visualgdb\debug\stm32f4xx_ll_sdmmc.gcc.rsp
c:\users\monteacristo\source\repos\stm_tec_driver\embeddedproject1\visualgdb\debug\stm32f4xx_ll_spi.gcc.rsp
c:\users\monteacristo\source\repos\stm_tec_driver\embeddedproject1\visualgdb\debug\stm32f4xx_ll_tim.gcc.rsp
c:\users\monteacristo\source\repos\stm_tec_driver\embeddedproject1\visualgdb\debug\stm32f4xx_ll_usart.gcc.rsp
c:\users\monteacristo\source\repos\stm_tec_driver\embeddedproject1\visualgdb\debug\stm32f4xx_ll_usb.gcc.rsp
c:\users\monteacristo\source\repos\stm_tec_driver\embeddedproject1\visualgdb\debug\stm32f4xx_ll_utils.gcc.rsp
c:\users\monteacristo\source\repos\stm_tec_driver\embeddedproject1\visualgdb\debug\stm_spi_api.gcc.rsp
c:\users\monteacristo\source\repos\stm_tec_driver\embeddedproject1\visualgdb\debug\stream.gcc.rsp
c:\users\monteacristo\source\repos\stm_tec_driver\embeddedproject1\visualgdb\debug\stubs.gcc.rsp
c:\users\monteacristo\source\repos\stm_tec_driver\embeddedproject1\visualgdb\debug\system_clock.gcc.rsp
c:\users\monteacristo\source\repos\stm_tec_driver\embeddedproject1\visualgdb\debug\system_stm32f4xx.gcc.rsp
c:\users\monteacristo\source\repos\stm_tec_driver\embeddedproject1\visualgdb\debug\ticker.gcc.rsp
c:\users\monteacristo\source\repos\stm_tec_driver\embeddedproject1\visualgdb\debug\timeout.gcc.rsp
c:\users\monteacristo\source\repos\stm_tec_driver\embeddedproject1\visualgdb\debug\timer.gcc.rsp
c:\users\monteacristo\source\repos\stm_tec_driver\embeddedproject1\visualgdb\debug\timerevent.gcc.rsp
c:\users\monteacristo\source\repos\stm_tec_driver\embeddedproject1\visualgdb\debug\trng_api.gcc.rsp
c:\users\monteacristo\source\repos\stm_tec_driver\embeddedproject1\visualgdb\debug\uartserial.gcc.rsp
c:\users\monteacristo\source\repos\stm_tec_driver\embeddedproject1\visualgdb\debug\usbaudio.gcc.rsp
c:\users\monteacristo\source\repos\stm_tec_driver\embeddedproject1\visualgdb\debug\usbcdc.gcc.rsp
c:\users\monteacristo\source\repos\stm_tec_driver\embeddedproject1\visualgdb\debug\usbdevice.gcc.rsp
c:\users\monteacristo\source\repos\stm_tec_driver\embeddedproject1\visualgdb\debug\usbhal_stm32.gcc.rsp
c:\users\monteacristo\source\repos\stm_tec_driver\embeddedproject1\visualgdb\debug\usbhal_stm32f4.gcc.rsp
c:\users\monteacristo\source\repos\stm_tec_driver\embeddedproject1\visualgdb\debug\usbhid.gcc.rsp
c:\users\monteacristo\source\repos\stm_tec_driver\embeddedproject1\visualgdb\debug\usbkeyboard.gcc.rsp
c:\users\monteacristo\source\repos\stm_tec_driver\embeddedproject1\visualgdb\debug\usbmidi.gcc.rsp
c:\users\monteacristo\source\repos\stm_tec_driver\embeddedproject1\visualgdb\debug\usbmouse.gcc.rsp
c:\users\monteacristo\source\repos\stm_tec_driver\embeddedproject1\visualgdb\debug\usbmousekeyboard.gcc.rsp
c:\users\monteacristo\source\repos\stm_tec_driver\embeddedproject1\visualgdb\debug\usbmsd.gcc.rsp
c:\users\monteacristo\source\repos\stm_tec_driver\embeddedproject1\visualgdb\debug\usbserial.gcc.rsp
c:\users\monteacristo\source\repos\stm_tec_driver\embeddedproject1\visualgdb\debug\us_ticker_16b.gcc.rsp
c:\users\monteacristo\source\repos\stm_tec_driver\embeddedproject1\visualgdb\debug\us_ticker_32b.gcc.rsp
c:\users\monteacristo\source\repos\stm_tec_driver\embeddedproject1\visualgdb\debug\embeddedproject1.alldeps
